

MovedTo v 0.04 by Tore Eriksson

Scanning for DAT files...
File 1     FACADE.DAT
Line 7     1 15 -20 -8 -140 1 0 0 0 1 0 0 0 1 3068.DAT
Moved 1    3068.DAT: 0 ~Moved to 3068b
--->1 15 -20 -8 -140 1 0 0 0 1 0 0 0 1 3068b.dat

File 1     FACADE.DAT
Line 8     1 15 20 -8 -140 1 0 0 0 1 0 0 0 1 3068.DAT
Moved 2    3068.DAT: 0 ~Moved to 3068b
--->1 15 20 -8 -140 1 0 0 0 1 0 0 0 1 3068b.dat

File 1     FACADE.DAT
Line 9     1 15 20 -8 -100 1 0 0 0 1 0 0 0 1 3068.DAT
Moved 3    3068.DAT: 0 ~Moved to 3068b
--->1 15 20 -8 -100 1 0 0 0 1 0 0 0 1 3068b.dat

File 1     FACADE.DAT
Line 10    1 15 -20 -8 -100 1 0 0 0 1 0 0 0 1 3068.DAT
Moved 4    3068.DAT: 0 ~Moved to 3068b
--->1 15 -20 -8 -100 1 0 0 0 1 0 0 0 1 3068b.dat

File 1     FACADE.DAT
Line 11    1 15 -20 -8 -60 1 0 0 0 1 0 0 0 1 3068.DAT
Moved 5    3068.DAT: 0 ~Moved to 3068b
--->1 15 -20 -8 -60 1 0 0 0 1 0 0 0 1 3068b.dat

File 1     FACADE.DAT
Line 12    1 15 20 -8 -60 1 0 0 0 1 0 0 0 1 3068.DAT
Moved 6    3068.DAT: 0 ~Moved to 3068b
--->1 15 20 -8 -60 1 0 0 0 1 0 0 0 1 3068b.dat

File 1     FACADE.DAT
Line 13    1 15 20 -8 -20 1 0 0 0 1 0 0 0 1 3068.DAT
Moved 7    3068.DAT: 0 ~Moved to 3068b
--->1 15 20 -8 -20 1 0 0 0 1 0 0 0 1 3068b.dat

File 1     FACADE.DAT
Line 14    1 15 -20 -8 -20 1 0 0 0 1 0 0 0 1 3068.DAT
Moved 8    3068.DAT: 0 ~Moved to 3068b
--->1 15 -20 -8 -20 1 0 0 0 1 0 0 0 1 3068b.dat

File 1     FACADE.DAT
Line 15    1 15 20 -8 20 1 0 0 0 1 0 0 0 1 3068.DAT
Moved 9    3068.DAT: 0 ~Moved to 3068b
--->1 15 20 -8 20 1 0 0 0 1 0 0 0 1 3068b.dat

File 1     FACADE.DAT
Line 16    1 15 -20 -8 20 1 0 0 0 1 0 0 0 1 3068.DAT
Moved 10   3068.DAT: 0 ~Moved to 3068b
--->1 15 -20 -8 20 1 0 0 0 1 0 0 0 1 3068b.dat

File 1     FACADE.DAT
Line 45    1 15 -20 -32 60 1 0 0 0 1 0 0 0 1 3068.DAT
Moved 11   3068.DAT: 0 ~Moved to 3068b
--->1 15 -20 -32 60 1 0 0 0 1 0 0 0 1 3068b.dat

File 1     FACADE.DAT
Line 46    1 15 20 -32 60 1 0 0 0 1 0 0 0 1 3068.DAT
Moved 12   3068.DAT: 0 ~Moved to 3068b
--->1 15 20 -32 60 1 0 0 0 1 0 0 0 1 3068b.dat

File 1     FACADE.DAT
Line 47    1 15 -20 -56 100 1 0 0 0 1 0 0 0 1 3068.DAT
Moved 13   3068.DAT: 0 ~Moved to 3068b
--->1 15 -20 -56 100 1 0 0 0 1 0 0 0 1 3068b.dat

File 1     FACADE.DAT
Line 48    1 15 20 -56 100 1 0 0 0 1 0 0 0 1 3068.DAT
Moved 14   3068.DAT: 0 ~Moved to 3068b
--->1 15 20 -56 100 1 0 0 0 1 0 0 0 1 3068b.dat

File 1     FACADE.DAT
Line 65    1 0 -160 -176 130 -3.33067e-015 0 -1 0 1 0 1 0 -3.33067e-015 146.DAT
Moved 15   146.DAT: 0 ~Moved to 2529
--->1 0 -160 -176 130 -3.33067e-015 0 -1 0 1 0 1 0 -3.33067e-015 2529.dat

File 1     FACADE.DAT
Line 66    1 0 -120 -176 130 -3.33067e-015 0 -1 0 1 0 1 0 -3.33067e-015 146.DAT
Moved 16   146.DAT: 0 ~Moved to 2529
--->1 0 -120 -176 130 -3.33067e-015 0 -1 0 1 0 1 0 -3.33067e-015 2529.dat

File 1     FACADE.DAT
Line 67    1 0 80 -176 130 -3.33067e-015 0 -1 0 1 0 1 0 -3.33067e-015 146.DAT
Moved 17   146.DAT: 0 ~Moved to 2529
--->1 0 80 -176 130 -3.33067e-015 0 -1 0 1 0 1 0 -3.33067e-015 2529.dat

File 1     FACADE.DAT
Line 68    1 0 120 -176 130 2.30926e-014 0 -1 -1.31561e-014 1 -2.96612e-028 1 1.31561e-014 2.30926e-014 146.DAT
Moved 18   146.DAT: 0 ~Moved to 2529
--->1 0 120 -176 130 2.30926e-014 0 -1 -1.31561e-014 1 -2.96612e-028 1 1.31561e-014 2.30926e-014 2529.dat

File 1     FACADE.DAT
Line 69    1 0 240 -176 130 9.82547e-015 0 -1 0 1 0 1 0 9.82547e-015 146.DAT
Moved 19   146.DAT: 0 ~Moved to 2529
--->1 0 240 -176 130 9.82547e-015 0 -1 0 1 0 1 0 9.82547e-015 2529.dat

File 1     FACADE.DAT
Line 70    1 0 240 -176 130 -1.64868e-014 2.64233e-014 1 -3.95795e-014 1 -2.64233e-014 -1 -3.95795e-014 -1.64868e-014 146.DAT
Moved 20   146.DAT: 0 ~Moved to 2529
--->1 0 240 -176 130 -1.64868e-014 2.64233e-014 1 -3.95795e-014 1 -2.64233e-014 -1 -3.95795e-014 -1.64868e-014 2529.dat

File 1     FACADE.DAT
Line 71    1 0 -280 -176 130 -3.33067e-015 0 -1 0 1 0 1 0 -3.33067e-015 146.DAT
Moved 21   146.DAT: 0 ~Moved to 2529
--->1 0 -280 -176 130 -3.33067e-015 0 -1 0 1 0 1 0 -3.33067e-015 2529.dat

File 1     FACADE.DAT
Line 72    1 0 -240 -176 130 -3.33067e-015 0 -1 0 1 0 1 0 -3.33067e-015 146.DAT
Moved 22   146.DAT: 0 ~Moved to 2529
--->1 0 -240 -176 130 -3.33067e-015 0 -1 0 1 0 1 0 -3.33067e-015 2529.dat

File 1     FACADE.DAT
Line 127   1 0 -240 -312 130 -3.33067e-015 0 1 0 1 0 -1 0 -3.33067e-015 146.DAT
Moved 23   146.DAT: 0 ~Moved to 2529
--->1 0 -240 -312 130 -3.33067e-015 0 1 0 1 0 -1 0 -3.33067e-015 2529.dat

File 1     FACADE.DAT
Line 128   1 0 -240 -312 130 -3.33067e-015 0 -1 0 1 0 1 0 -3.33067e-015 146.DAT
Moved 24   146.DAT: 0 ~Moved to 2529
--->1 0 -240 -312 130 -3.33067e-015 0 -1 0 1 0 1 0 -3.33067e-015 2529.dat

File 1     FACADE.DAT
Line 129   1 0 -120 -312 130 -3.33067e-015 0 -1 0 1 0 1 0 -3.33067e-015 146.DAT
Moved 25   146.DAT: 0 ~Moved to 2529
--->1 0 -120 -312 130 -3.33067e-015 0 -1 0 1 0 1 0 -3.33067e-015 2529.dat

File 1     FACADE.DAT
Line 130   1 0 -120 -312 130 -3.33067e-015 0 1 0 1 0 -1 0 -3.33067e-015 146.DAT
Moved 26   146.DAT: 0 ~Moved to 2529
--->1 0 -120 -312 130 -3.33067e-015 0 1 0 1 0 -1 0 -3.33067e-015 2529.dat

File 1     FACADE.DAT
Line 131   1 0 0 -312 130 -3.33067e-015 0 1 0 1 0 -1 0 -3.33067e-015 146.DAT
Moved 27   146.DAT: 0 ~Moved to 2529
--->1 0 0 -312 130 -3.33067e-015 0 1 0 1 0 -1 0 -3.33067e-015 2529.dat

File 1     FACADE.DAT
Line 132   1 0 0 -312 130 -3.33067e-015 -4.45706e-029 -1 1.31561e-014 1 -8.5197e-029 1 -1.31561e-014 -3.33067e-015 146.DAT
Moved 28   146.DAT: 0 ~Moved to 2529
--->1 0 0 -312 130 -3.33067e-015 -4.45706e-029 -1 1.31561e-014 1 -8.5197e-029 1 -1.31561e-014 -3.33067e-015 2529.dat

File 1     FACADE.DAT
Line 133   1 0 120 -312 130 9.82547e-015 0 -1 0 1 0 1 0 9.82547e-015 146.DAT
Moved 29   146.DAT: 0 ~Moved to 2529
--->1 0 120 -312 130 9.82547e-015 0 -1 0 1 0 1 0 9.82547e-015 2529.dat

File 1     FACADE.DAT
Line 136   1 0 120 -312 130 -1.64868e-014 0 1 0 1 0 -1 0 -1.64868e-014 146.DAT
Moved 30   146.DAT: 0 ~Moved to 2529
--->1 0 120 -312 130 -1.64868e-014 0 1 0 1 0 -1 0 -1.64868e-014 2529.dat

File 1     FACADE.DAT
Line 137   1 0 240 -312 130 9.82547e-015 0 -1 0 1 0 1 0 9.82547e-015 146.DAT
Moved 31   146.DAT: 0 ~Moved to 2529
--->1 0 240 -312 130 9.82547e-015 0 -1 0 1 0 1 0 9.82547e-015 2529.dat

File 1     FACADE.DAT
Line 138   1 0 240 -312 130 -3.33067e-015 0 1 0 1 0 -1 0 -3.33067e-015 146.DAT
Moved 32   146.DAT: 0 ~Moved to 2529
--->1 0 240 -312 130 -3.33067e-015 0 1 0 1 0 -1 0 -3.33067e-015 2529.dat

File 1     FACADE.DAT
Line 181   1 15 -300 0 -180 1 0 0 0 1 0 0 0 1 3068.DAT
Moved 33   3068.DAT: 0 ~Moved to 3068b
--->1 15 -300 0 -180 1 0 0 0 1 0 0 0 1 3068b.dat

File 1     FACADE.DAT
Line 182   1 15 -260 0 -180 1 0 0 0 1 0 0 0 1 3068.DAT
Moved 34   3068.DAT: 0 ~Moved to 3068b
--->1 15 -260 0 -180 1 0 0 0 1 0 0 0 1 3068b.dat

File 1     FACADE.DAT
Line 183   1 15 -220 0 -180 1 0 0 0 1 0 0 0 1 3068.DAT
Moved 35   3068.DAT: 0 ~Moved to 3068b
--->1 15 -220 0 -180 1 0 0 0 1 0 0 0 1 3068b.dat

File 1     FACADE.DAT
Line 184   1 15 -180 0 -180 1 0 0 0 1 0 0 0 1 3068.DAT
Moved 36   3068.DAT: 0 ~Moved to 3068b
--->1 15 -180 0 -180 1 0 0 0 1 0 0 0 1 3068b.dat

File 1     FACADE.DAT
Line 185   1 15 -140 0 -180 1 0 0 0 1 0 0 0 1 3068.DAT
Moved 37   3068.DAT: 0 ~Moved to 3068b
--->1 15 -140 0 -180 1 0 0 0 1 0 0 0 1 3068b.dat

File 1     FACADE.DAT
Line 186   1 15 -100 0 -180 1 0 0 0 1 0 0 0 1 3068.DAT
Moved 38   3068.DAT: 0 ~Moved to 3068b
--->1 15 -100 0 -180 1 0 0 0 1 0 0 0 1 3068b.dat

File 1     FACADE.DAT
Line 187   1 15 -60 0 -180 1 0 0 0 1 0 0 0 1 3068.DAT
Moved 39   3068.DAT: 0 ~Moved to 3068b
--->1 15 -60 0 -180 1 0 0 0 1 0 0 0 1 3068b.dat

File 1     FACADE.DAT
Line 188   1 15 -20 0 -180 1 0 0 0 1 0 0 0 1 3068.DAT
Moved 40   3068.DAT: 0 ~Moved to 3068b
--->1 15 -20 0 -180 1 0 0 0 1 0 0 0 1 3068b.dat

File 1     FACADE.DAT
Line 189   1 15 20 0 -180 1 0 0 0 1 0 0 0 1 3068.DAT
Moved 41   3068.DAT: 0 ~Moved to 3068b
--->1 15 20 0 -180 1 0 0 0 1 0 0 0 1 3068b.dat

File 1     FACADE.DAT
Line 190   1 15 60 0 -180 1 0 0 0 1 0 0 0 1 3068.DAT
Moved 42   3068.DAT: 0 ~Moved to 3068b
--->1 15 60 0 -180 1 0 0 0 1 0 0 0 1 3068b.dat

File 1     FACADE.DAT
Line 191   1 15 100 0 -180 1 0 0 0 1 0 0 0 1 3068.DAT
Moved 43   3068.DAT: 0 ~Moved to 3068b
--->1 15 100 0 -180 1 0 0 0 1 0 0 0 1 3068b.dat

File 1     FACADE.DAT
Line 192   1 15 140 0 -180 1 0 0 0 1 0 0 0 1 3068.DAT
Moved 44   3068.DAT: 0 ~Moved to 3068b
--->1 15 140 0 -180 1 0 0 0 1 0 0 0 1 3068b.dat

File 1     FACADE.DAT
Line 193   1 15 180 0 -180 1 0 0 0 1 0 0 0 1 3068.DAT
Moved 45   3068.DAT: 0 ~Moved to 3068b
--->1 15 180 0 -180 1 0 0 0 1 0 0 0 1 3068b.dat

File 1     FACADE.DAT
Line 194   1 15 220 0 -180 1 0 0 0 1 0 0 0 1 3068.DAT
Moved 46   3068.DAT: 0 ~Moved to 3068b
--->1 15 220 0 -180 1 0 0 0 1 0 0 0 1 3068b.dat

File 1     FACADE.DAT
Line 195   1 15 260 0 -180 1 0 0 0 1 0 0 0 1 3068.DAT
Moved 47   3068.DAT: 0 ~Moved to 3068b
--->1 15 260 0 -180 1 0 0 0 1 0 0 0 1 3068b.dat

File 1     FACADE.DAT
Line 196   1 15 300 0 -180 1 0 0 0 1 0 0 0 1 3068.DAT
Moved 48   3068.DAT: 0 ~Moved to 3068b
--->1 15 300 0 -180 1 0 0 0 1 0 0 0 1 3068b.dat

File 2     HOUSE2.DAT
Line 10    1 15 -60 -8 -280 1 0 0 0 1 0 0 0 1 3068.DAT
Moved 49   3068.DAT: 0 ~Moved to 3068b
--->1 15 -60 -8 -280 1 0 0 0 1 0 0 0 1 3068b.dat

File 2     HOUSE2.DAT
Line 11    1 15 -60 -8 -240 1 0 0 0 1 0 0 0 1 3068.DAT
Moved 50   3068.DAT: 0 ~Moved to 3068b
--->1 15 -60 -8 -240 1 0 0 0 1 0 0 0 1 3068b.dat

File 2     HOUSE2.DAT
Line 12    1 15 -100 -8 -240 1 0 0 0 1 0 0 0 1 3068.DAT
Moved 51   3068.DAT: 0 ~Moved to 3068b
--->1 15 -100 -8 -240 1 0 0 0 1 0 0 0 1 3068b.dat

File 2     HOUSE2.DAT
Line 13    1 15 -140 -8 -240 1 0 0 0 1 0 0 0 1 3068.DAT
Moved 52   3068.DAT: 0 ~Moved to 3068b
--->1 15 -140 -8 -240 1 0 0 0 1 0 0 0 1 3068b.dat

File 2     HOUSE2.DAT
Line 14    1 15 -180 -8 -240 1 0 0 0 1 0 0 0 1 3068.DAT
Moved 53   3068.DAT: 0 ~Moved to 3068b
--->1 15 -180 -8 -240 1 0 0 0 1 0 0 0 1 3068b.dat

File 2     HOUSE2.DAT
Line 15    1 15 -220 -8 -240 1 0 0 0 1 0 0 0 1 3068.DAT
Moved 54   3068.DAT: 0 ~Moved to 3068b
--->1 15 -220 -8 -240 1 0 0 0 1 0 0 0 1 3068b.dat

File 2     HOUSE2.DAT
Line 16    1 15 -260 -8 -240 1 0 0 0 1 0 0 0 1 3068.DAT
Moved 55   3068.DAT: 0 ~Moved to 3068b
--->1 15 -260 -8 -240 1 0 0 0 1 0 0 0 1 3068b.dat

File 2     HOUSE2.DAT
Line 17    1 15 -300 -8 -240 1 0 0 0 1 0 0 0 1 3068.DAT
Moved 56   3068.DAT: 0 ~Moved to 3068b
--->1 15 -300 -8 -240 1 0 0 0 1 0 0 0 1 3068b.dat

File 2     HOUSE2.DAT
Line 18    1 15 -20 -8 -240 1 0 0 0 1 0 0 0 1 3068.DAT
Moved 57   3068.DAT: 0 ~Moved to 3068b
--->1 15 -20 -8 -240 1 0 0 0 1 0 0 0 1 3068b.dat

File 2     HOUSE2.DAT
Line 19    1 15 20 -8 -240 1 0 0 0 1 0 0 0 1 3068.DAT
Moved 58   3068.DAT: 0 ~Moved to 3068b
--->1 15 20 -8 -240 1 0 0 0 1 0 0 0 1 3068b.dat

File 2     HOUSE2.DAT
Line 20    1 15 60 -8 -240 1 0 0 0 1 0 0 0 1 3068.DAT
Moved 59   3068.DAT: 0 ~Moved to 3068b
--->1 15 60 -8 -240 1 0 0 0 1 0 0 0 1 3068b.dat

File 2     HOUSE2.DAT
Line 21    1 15 300 -8 -240 1 0 0 0 1 0 0 0 1 3068.DAT
Moved 60   3068.DAT: 0 ~Moved to 3068b
--->1 15 300 -8 -240 1 0 0 0 1 0 0 0 1 3068b.dat

File 2     HOUSE2.DAT
Line 22    1 15 100 -8 -240 1 0 0 0 1 0 0 0 1 3068.DAT
Moved 61   3068.DAT: 0 ~Moved to 3068b
--->1 15 100 -8 -240 1 0 0 0 1 0 0 0 1 3068b.dat

File 2     HOUSE2.DAT
Line 23    1 15 -60 -8 -200 1 0 0 0 1 0 0 0 1 3068.DAT
Moved 62   3068.DAT: 0 ~Moved to 3068b
--->1 15 -60 -8 -200 1 0 0 0 1 0 0 0 1 3068b.dat

File 2     HOUSE2.DAT
Line 24    1 15 -60 -8 -160 1 0 0 0 1 0 0 0 1 3068.DAT
Moved 63   3068.DAT: 0 ~Moved to 3068b
--->1 15 -60 -8 -160 1 0 0 0 1 0 0 0 1 3068b.dat

File 2     HOUSE2.DAT
Line 25    1 15 -60 -8 -120 1 0 0 0 1 0 0 0 1 3068.DAT
Moved 64   3068.DAT: 0 ~Moved to 3068b
--->1 15 -60 -8 -120 1 0 0 0 1 0 0 0 1 3068b.dat

File 2     HOUSE2.DAT
Line 26    1 15 -60 -8 -80 1 0 0 0 1 0 0 0 1 3068.DAT
Moved 65   3068.DAT: 0 ~Moved to 3068b
--->1 15 -60 -8 -80 1 0 0 0 1 0 0 0 1 3068b.dat

File 2     HOUSE2.DAT
Line 27    1 15 -60 -8 -40 1 0 0 0 1 0 0 0 1 3068.DAT
Moved 66   3068.DAT: 0 ~Moved to 3068b
--->1 15 -60 -8 -40 1 0 0 0 1 0 0 0 1 3068b.dat

File 2     HOUSE2.DAT
Line 28    1 15 -60 -8 0 1 0 0 0 1 0 0 0 1 3068.DAT
Moved 67   3068.DAT: 0 ~Moved to 3068b
--->1 15 -60 -8 0 1 0 0 0 1 0 0 0 1 3068b.dat

File 2     HOUSE2.DAT
Line 29    1 15 140 -8 -240 1 0 0 0 1 0 0 0 1 3068.DAT
Moved 68   3068.DAT: 0 ~Moved to 3068b
--->1 15 140 -8 -240 1 0 0 0 1 0 0 0 1 3068b.dat

File 2     HOUSE2.DAT
Line 30    1 15 180 -8 -240 1 0 0 0 1 0 0 0 1 3068.DAT
Moved 69   3068.DAT: 0 ~Moved to 3068b
--->1 15 180 -8 -240 1 0 0 0 1 0 0 0 1 3068b.dat

File 2     HOUSE2.DAT
Line 31    1 15 220 -8 -240 1 0 0 0 1 0 0 0 1 3068.DAT
Moved 70   3068.DAT: 0 ~Moved to 3068b
--->1 15 220 -8 -240 1 0 0 0 1 0 0 0 1 3068b.dat

File 2     HOUSE2.DAT
Line 32    1 15 260 -8 -240 1 0 0 0 1 0 0 0 1 3068.DAT
Moved 71   3068.DAT: 0 ~Moved to 3068b
--->1 15 260 -8 -240 1 0 0 0 1 0 0 0 1 3068b.dat

File 2     HOUSE2.DAT
Line 33    1 0 260 -8 -280 1 0 0 0 1 0 0 0 1 3068.DAT
Moved 72   3068.DAT: 0 ~Moved to 3068b
--->1 0 260 -8 -280 1 0 0 0 1 0 0 0 1 3068b.dat

File 2     HOUSE2.DAT
Line 34    1 0 220 -8 -280 1 0 0 0 1 0 0 0 1 3068.DAT
Moved 73   3068.DAT: 0 ~Moved to 3068b
--->1 0 220 -8 -280 1 0 0 0 1 0 0 0 1 3068b.dat

File 2     HOUSE2.DAT
Line 35    1 0 180 -8 -280 1 0 0 0 1 0 0 0 1 3068.DAT
Moved 74   3068.DAT: 0 ~Moved to 3068b
--->1 0 180 -8 -280 1 0 0 0 1 0 0 0 1 3068b.dat

File 2     HOUSE2.DAT
Line 36    1 0 140 -8 -280 1 0 0 0 1 0 0 0 1 3068.DAT
Moved 75   3068.DAT: 0 ~Moved to 3068b
--->1 0 140 -8 -280 1 0 0 0 1 0 0 0 1 3068b.dat

File 2     HOUSE2.DAT
Line 37    1 0 140 -8 -200 1 0 0 0 1 0 0 0 1 3068.DAT
Moved 76   3068.DAT: 0 ~Moved to 3068b
--->1 0 140 -8 -200 1 0 0 0 1 0 0 0 1 3068b.dat

File 2     HOUSE2.DAT
Line 38    1 0 180 -8 -200 1 0 0 0 1 0 0 0 1 3068.DAT
Moved 77   3068.DAT: 0 ~Moved to 3068b
--->1 0 180 -8 -200 1 0 0 0 1 0 0 0 1 3068b.dat

File 2     HOUSE2.DAT
Line 39    1 0 220 -8 -200 1 0 0 0 1 0 0 0 1 3068.DAT
Moved 78   3068.DAT: 0 ~Moved to 3068b
--->1 0 220 -8 -200 1 0 0 0 1 0 0 0 1 3068b.dat

File 2     HOUSE2.DAT
Line 40    1 0 260 -8 -200 1 0 0 0 1 0 0 0 1 3068.DAT
Moved 79   3068.DAT: 0 ~Moved to 3068b
--->1 0 260 -8 -200 1 0 0 0 1 0 0 0 1 3068b.dat

File 2     HOUSE2.DAT
Line 41    1 0 260 -8 -160 1 0 0 0 1 0 0 0 1 3068.DAT
Moved 80   3068.DAT: 0 ~Moved to 3068b
--->1 0 260 -8 -160 1 0 0 0 1 0 0 0 1 3068b.dat

File 2     HOUSE2.DAT
Line 42    1 0 260 -8 -120 1 0 0 0 1 0 0 0 1 3068.DAT
Moved 81   3068.DAT: 0 ~Moved to 3068b
--->1 0 260 -8 -120 1 0 0 0 1 0 0 0 1 3068b.dat

File 2     HOUSE2.DAT
Line 43    1 0 260 -8 -80 1 0 0 0 1 0 0 0 1 3068.DAT
Moved 82   3068.DAT: 0 ~Moved to 3068b
--->1 0 260 -8 -80 1 0 0 0 1 0 0 0 1 3068b.dat

File 2     HOUSE2.DAT
Line 44    1 0 260 -8 -40 1 0 0 0 1 0 0 0 1 3068.DAT
Moved 83   3068.DAT: 0 ~Moved to 3068b
--->1 0 260 -8 -40 1 0 0 0 1 0 0 0 1 3068b.dat

File 2     HOUSE2.DAT
Line 45    1 0 260 -8 0 1 0 0 0 1 0 0 0 1 3068.DAT
Moved 84   3068.DAT: 0 ~Moved to 3068b
--->1 0 260 -8 0 1 0 0 0 1 0 0 0 1 3068b.dat

File 2     HOUSE2.DAT
Line 46    1 0 220 -8 0 1 0 0 0 1 0 0 0 1 3068.DAT
Moved 85   3068.DAT: 0 ~Moved to 3068b
--->1 0 220 -8 0 1 0 0 0 1 0 0 0 1 3068b.dat

File 2     HOUSE2.DAT
Line 47    1 0 180 -8 0 1 0 0 0 1 0 0 0 1 3068.DAT
Moved 86   3068.DAT: 0 ~Moved to 3068b
--->1 0 180 -8 0 1 0 0 0 1 0 0 0 1 3068b.dat

File 2     HOUSE2.DAT
Line 48    1 0 140 -8 0 1 0 0 0 1 0 0 0 1 3068.DAT
Moved 87   3068.DAT: 0 ~Moved to 3068b
--->1 0 140 -8 0 1 0 0 0 1 0 0 0 1 3068b.dat

File 2     HOUSE2.DAT
Line 49    1 0 140 -8 -40 1 0 0 0 1 0 0 0 1 3068.DAT
Moved 88   3068.DAT: 0 ~Moved to 3068b
--->1 0 140 -8 -40 1 0 0 0 1 0 0 0 1 3068b.dat

File 2     HOUSE2.DAT
Line 50    1 0 140 -8 -80 1 0 0 0 1 0 0 0 1 3068.DAT
Moved 89   3068.DAT: 0 ~Moved to 3068b
--->1 0 140 -8 -80 1 0 0 0 1 0 0 0 1 3068b.dat

File 2     HOUSE2.DAT
Line 51    1 0 140 -8 -120 1 0 0 0 1 0 0 0 1 3068.DAT
Moved 90   3068.DAT: 0 ~Moved to 3068b
--->1 0 140 -8 -120 1 0 0 0 1 0 0 0 1 3068b.dat

File 2     HOUSE2.DAT
Line 52    1 0 140 -8 -160 1 0 0 0 1 0 0 0 1 3068.DAT
Moved 91   3068.DAT: 0 ~Moved to 3068b
--->1 0 140 -8 -160 1 0 0 0 1 0 0 0 1 3068b.dat

File 2     HOUSE2.DAT
Line 53    1 0 180 -8 -160 1 0 0 0 1 0 0 0 1 3068.DAT
Moved 92   3068.DAT: 0 ~Moved to 3068b
--->1 0 180 -8 -160 1 0 0 0 1 0 0 0 1 3068b.dat

File 2     HOUSE2.DAT
Line 54    1 0 220 -8 -160 1 0 0 0 1 0 0 0 1 3068.DAT
Moved 93   3068.DAT: 0 ~Moved to 3068b
--->1 0 220 -8 -160 1 0 0 0 1 0 0 0 1 3068b.dat

File 2     HOUSE2.DAT
Line 55    1 0 220 -8 -120 1 0 0 0 1 0 0 0 1 3068.DAT
Moved 94   3068.DAT: 0 ~Moved to 3068b
--->1 0 220 -8 -120 1 0 0 0 1 0 0 0 1 3068b.dat

File 2     HOUSE2.DAT
Line 56    1 0 220 -8 -80 1 0 0 0 1 0 0 0 1 3068.DAT
Moved 95   3068.DAT: 0 ~Moved to 3068b
--->1 0 220 -8 -80 1 0 0 0 1 0 0 0 1 3068b.dat

File 2     HOUSE2.DAT
Line 57    1 0 220 -8 -40 1 0 0 0 1 0 0 0 1 3068.DAT
Moved 96   3068.DAT: 0 ~Moved to 3068b
--->1 0 220 -8 -40 1 0 0 0 1 0 0 0 1 3068b.dat

File 2     HOUSE2.DAT
Line 58    1 0 180 -8 -40 1 0 0 0 1 0 0 0 1 3068.DAT
Moved 97   3068.DAT: 0 ~Moved to 3068b
--->1 0 180 -8 -40 1 0 0 0 1 0 0 0 1 3068b.dat

File 2     HOUSE2.DAT
Line 59    1 0 180 -8 -80 1 0 0 0 1 0 0 0 1 3068.DAT
Moved 98   3068.DAT: 0 ~Moved to 3068b
--->1 0 180 -8 -80 1 0 0 0 1 0 0 0 1 3068b.dat

File 2     HOUSE2.DAT
Line 60    1 0 180 -8 -120 1 0 0 0 1 0 0 0 1 3068.DAT
Moved 99   3068.DAT: 0 ~Moved to 3068b
--->1 0 180 -8 -120 1 0 0 0 1 0 0 0 1 3068b.dat

File 2     HOUSE2.DAT
Line 70    1 15 -60 -8 30 1 0 0 0 1 0 0 0 1 3069.DAT
Moved 100  3069.DAT: 0 ~Moved to 3069b
--->1 15 -60 -8 30 1 0 0 0 1 0 0 0 1 3069b.dat

File 2     HOUSE2.DAT
Line 72    1 15 -60 -8 -240 1 0 0 0 1 0 0 0 1 3068.DAT
Moved 101  3068.DAT: 0 ~Moved to 3068b
--->1 15 -60 -8 -240 1 0 0 0 1 0 0 0 1 3068b.dat

File 2     HOUSE2.DAT
Line 80    1 0 140 -8 40 1 0 0 0 1 0 0 0 1 3068.DAT
Moved 102  3068.DAT: 0 ~Moved to 3068b
--->1 0 140 -8 40 1 0 0 0 1 0 0 0 1 3068b.dat

File 2     HOUSE2.DAT
Line 81    1 0 140 -8 80 1 0 0 0 1 0 0 0 1 3068.DAT
Moved 103  3068.DAT: 0 ~Moved to 3068b
--->1 0 140 -8 80 1 0 0 0 1 0 0 0 1 3068b.dat

File 2     HOUSE2.DAT
Line 82    1 0 140 -8 120 1 0 0 0 1 0 0 0 1 3068.DAT
Moved 104  3068.DAT: 0 ~Moved to 3068b
--->1 0 140 -8 120 1 0 0 0 1 0 0 0 1 3068b.dat

File 2     HOUSE2.DAT
Line 83    1 0 140 -8 160 1 0 0 0 1 0 0 0 1 3068.DAT
Moved 105  3068.DAT: 0 ~Moved to 3068b
--->1 0 140 -8 160 1 0 0 0 1 0 0 0 1 3068b.dat

File 2     HOUSE2.DAT
Line 84    1 0 140 -8 200 1 0 0 0 1 0 0 0 1 3068.DAT
Moved 106  3068.DAT: 0 ~Moved to 3068b
--->1 0 140 -8 200 1 0 0 0 1 0 0 0 1 3068b.dat

File 2     HOUSE2.DAT
Line 85    1 0 140 -8 240 1 0 0 0 1 0 0 0 1 3068.DAT
Moved 107  3068.DAT: 0 ~Moved to 3068b
--->1 0 140 -8 240 1 0 0 0 1 0 0 0 1 3068b.dat

File 2     HOUSE2.DAT
Line 86    1 0 140 -8 280 1 0 0 0 1 0 0 0 1 3068.DAT
Moved 108  3068.DAT: 0 ~Moved to 3068b
--->1 0 140 -8 280 1 0 0 0 1 0 0 0 1 3068b.dat

File 2     HOUSE2.DAT
Line 87    1 0 180 -8 280 1 0 0 0 1 0 0 0 1 3068.DAT
Moved 109  3068.DAT: 0 ~Moved to 3068b
--->1 0 180 -8 280 1 0 0 0 1 0 0 0 1 3068b.dat

File 2     HOUSE2.DAT
Line 88    1 0 220 -8 280 1 0 0 0 1 0 0 0 1 3068.DAT
Moved 110  3068.DAT: 0 ~Moved to 3068b
--->1 0 220 -8 280 1 0 0 0 1 0 0 0 1 3068b.dat

File 2     HOUSE2.DAT
Line 89    1 0 260 -8 280 1 0 0 0 1 0 0 0 1 3068.DAT
Moved 111  3068.DAT: 0 ~Moved to 3068b
--->1 0 260 -8 280 1 0 0 0 1 0 0 0 1 3068b.dat

File 2     HOUSE2.DAT
Line 90    1 0 260 -8 240 1 0 0 0 1 0 0 0 1 3068.DAT
Moved 112  3068.DAT: 0 ~Moved to 3068b
--->1 0 260 -8 240 1 0 0 0 1 0 0 0 1 3068b.dat

File 2     HOUSE2.DAT
Line 91    1 0 260 -8 200 1 0 0 0 1 0 0 0 1 3068.DAT
Moved 113  3068.DAT: 0 ~Moved to 3068b
--->1 0 260 -8 200 1 0 0 0 1 0 0 0 1 3068b.dat

File 2     HOUSE2.DAT
Line 92    1 0 260 -8 160 1 0 0 0 1 0 0 0 1 3068.DAT
Moved 114  3068.DAT: 0 ~Moved to 3068b
--->1 0 260 -8 160 1 0 0 0 1 0 0 0 1 3068b.dat

File 2     HOUSE2.DAT
Line 93    1 0 260 -8 120 1 0 0 0 1 0 0 0 1 3068.DAT
Moved 115  3068.DAT: 0 ~Moved to 3068b
--->1 0 260 -8 120 1 0 0 0 1 0 0 0 1 3068b.dat

File 2     HOUSE2.DAT
Line 94    1 0 260 -8 80 1 0 0 0 1 0 0 0 1 3068.DAT
Moved 116  3068.DAT: 0 ~Moved to 3068b
--->1 0 260 -8 80 1 0 0 0 1 0 0 0 1 3068b.dat

File 2     HOUSE2.DAT
Line 95    1 0 260 -8 40 1 0 0 0 1 0 0 0 1 3068.DAT
Moved 117  3068.DAT: 0 ~Moved to 3068b
--->1 0 260 -8 40 1 0 0 0 1 0 0 0 1 3068b.dat

File 2     HOUSE2.DAT
Line 96    1 0 220 -8 40 1 0 0 0 1 0 0 0 1 3068.DAT
Moved 118  3068.DAT: 0 ~Moved to 3068b
--->1 0 220 -8 40 1 0 0 0 1 0 0 0 1 3068b.dat

File 2     HOUSE2.DAT
Line 97    1 0 180 -8 40 1 0 0 0 1 0 0 0 1 3068.DAT
Moved 119  3068.DAT: 0 ~Moved to 3068b
--->1 0 180 -8 40 1 0 0 0 1 0 0 0 1 3068b.dat

File 2     HOUSE2.DAT
Line 98    1 0 180 -8 80 1 0 0 0 1 0 0 0 1 3068.DAT
Moved 120  3068.DAT: 0 ~Moved to 3068b
--->1 0 180 -8 80 1 0 0 0 1 0 0 0 1 3068b.dat

File 2     HOUSE2.DAT
Line 99    1 0 180 -8 120 1 0 0 0 1 0 0 0 1 3068.DAT
Moved 121  3068.DAT: 0 ~Moved to 3068b
--->1 0 180 -8 120 1 0 0 0 1 0 0 0 1 3068b.dat

File 2     HOUSE2.DAT
Line 100   1 0 180 -8 160 1 0 0 0 1 0 0 0 1 3068.DAT
Moved 122  3068.DAT: 0 ~Moved to 3068b
--->1 0 180 -8 160 1 0 0 0 1 0 0 0 1 3068b.dat

File 2     HOUSE2.DAT
Line 101   1 0 180 -8 200 1 0 0 0 1 0 0 0 1 3068.DAT
Moved 123  3068.DAT: 0 ~Moved to 3068b
--->1 0 180 -8 200 1 0 0 0 1 0 0 0 1 3068b.dat

File 2     HOUSE2.DAT
Line 102   1 0 180 -8 240 1 0 0 0 1 0 0 0 1 3068.DAT
Moved 124  3068.DAT: 0 ~Moved to 3068b
--->1 0 180 -8 240 1 0 0 0 1 0 0 0 1 3068b.dat

File 2     HOUSE2.DAT
Line 103   1 0 220 -8 240 1 0 0 0 1 0 0 0 1 3068.DAT
Moved 125  3068.DAT: 0 ~Moved to 3068b
--->1 0 220 -8 240 1 0 0 0 1 0 0 0 1 3068b.dat

File 2     HOUSE2.DAT
Line 104   1 0 220 -8 200 1 0 0 0 1 0 0 0 1 3068.DAT
Moved 126  3068.DAT: 0 ~Moved to 3068b
--->1 0 220 -8 200 1 0 0 0 1 0 0 0 1 3068b.dat

File 2     HOUSE2.DAT
Line 105   1 0 220 -8 160 1 0 0 0 1 0 0 0 1 3068.DAT
Moved 127  3068.DAT: 0 ~Moved to 3068b
--->1 0 220 -8 160 1 0 0 0 1 0 0 0 1 3068b.dat

File 2     HOUSE2.DAT
Line 106   1 0 220 -8 120 1 0 0 0 1 0 0 0 1 3068.DAT
Moved 128  3068.DAT: 0 ~Moved to 3068b
--->1 0 220 -8 120 1 0 0 0 1 0 0 0 1 3068b.dat

File 2     HOUSE2.DAT
Line 107   1 0 220 -8 80 1 0 0 0 1 0 0 0 1 3068.DAT
Moved 129  3068.DAT: 0 ~Moved to 3068b
--->1 0 220 -8 80 1 0 0 0 1 0 0 0 1 3068b.dat

File 3     HOUSE3.DAT
Line 32    1 15 240 -8 0 1 0 0 0 1 0 0 0 1 3068.DAT
Moved 130  3068.DAT: 0 ~Moved to 3068b
--->1 15 240 -8 0 1 0 0 0 1 0 0 0 1 3068b.dat

File 3     HOUSE3.DAT
Line 33    1 15 280 -8 0 1 0 0 0 1 0 0 0 1 3068.DAT
Moved 131  3068.DAT: 0 ~Moved to 3068b
--->1 15 280 -8 0 1 0 0 0 1 0 0 0 1 3068b.dat

File 3     HOUSE3.DAT
Line 34    1 15 320 -8 0 1 0 0 0 1 0 0 0 1 3068.DAT
Moved 132  3068.DAT: 0 ~Moved to 3068b
--->1 15 320 -8 0 1 0 0 0 1 0 0 0 1 3068b.dat

File 3     HOUSE3.DAT
Line 35    1 15 360 -8 0 1 0 0 0 1 0 0 0 1 3068.DAT
Moved 133  3068.DAT: 0 ~Moved to 3068b
--->1 15 360 -8 0 1 0 0 0 1 0 0 0 1 3068b.dat

File 3     HOUSE3.DAT
Line 36    1 15 400 -8 0 1 0 0 0 1 0 0 0 1 3068.DAT
Moved 134  3068.DAT: 0 ~Moved to 3068b
--->1 15 400 -8 0 1 0 0 0 1 0 0 0 1 3068b.dat

File 3     HOUSE3.DAT
Line 37    1 15 440 -8 0 1 0 0 0 1 0 0 0 1 3068.DAT
Moved 135  3068.DAT: 0 ~Moved to 3068b
--->1 15 440 -8 0 1 0 0 0 1 0 0 0 1 3068b.dat

File 3     HOUSE3.DAT
Line 38    1 15 480 -8 0 1 0 0 0 1 0 0 0 1 3068.DAT
Moved 136  3068.DAT: 0 ~Moved to 3068b
--->1 15 480 -8 0 1 0 0 0 1 0 0 0 1 3068b.dat

File 3     HOUSE3.DAT
Line 39    1 15 480 -8 0 1 0 0 0 1 0 0 0 1 3068.DAT
Moved 137  3068.DAT: 0 ~Moved to 3068b
--->1 15 480 -8 0 1 0 0 0 1 0 0 0 1 3068b.dat

File 3     HOUSE3.DAT
Line 40    1 15 480 -8 0 1 0 0 0 1 0 0 0 1 3068.DAT
Moved 138  3068.DAT: 0 ~Moved to 3068b
--->1 15 480 -8 0 1 0 0 0 1 0 0 0 1 3068b.dat

File 3     HOUSE3.DAT
Line 41    1 15 240 -8 40 1 0 0 0 1 0 0 0 1 3068.DAT
Moved 139  3068.DAT: 0 ~Moved to 3068b
--->1 15 240 -8 40 1 0 0 0 1 0 0 0 1 3068b.dat

File 3     HOUSE3.DAT
Line 42    1 15 240 -8 80 1 0 0 0 1 0 0 0 1 3068.DAT
Moved 140  3068.DAT: 0 ~Moved to 3068b
--->1 15 240 -8 80 1 0 0 0 1 0 0 0 1 3068b.dat

File 3     HOUSE3.DAT
Line 43    1 15 240 -8 -40 1 0 0 0 1 0 0 0 1 3068.DAT
Moved 141  3068.DAT: 0 ~Moved to 3068b
--->1 15 240 -8 -40 1 0 0 0 1 0 0 0 1 3068b.dat

File 3     HOUSE3.DAT
Line 44    1 15 240 -8 -80 1 0 0 0 1 0 0 0 1 3068.DAT
Moved 142  3068.DAT: 0 ~Moved to 3068b
--->1 15 240 -8 -80 1 0 0 0 1 0 0 0 1 3068b.dat

File 3     HOUSE3.DAT
Line 45    1 15 240 -8 -120 1 0 0 0 1 0 0 0 1 3068.DAT
Moved 143  3068.DAT: 0 ~Moved to 3068b
--->1 15 240 -8 -120 1 0 0 0 1 0 0 0 1 3068b.dat

File 3     HOUSE3.DAT
Line 46    1 15 240 -8 -160 1 0 0 0 1 0 0 0 1 3068.DAT
Moved 144  3068.DAT: 0 ~Moved to 3068b
--->1 15 240 -8 -160 1 0 0 0 1 0 0 0 1 3068b.dat

File 3     HOUSE3.DAT
Line 47    1 15 240 -8 -200 1 0 0 0 1 0 0 0 1 3068.DAT
Moved 145  3068.DAT: 0 ~Moved to 3068b
--->1 15 240 -8 -200 1 0 0 0 1 0 0 0 1 3068b.dat

File 3     HOUSE3.DAT
Line 48    1 15 240 -8 -240 1 0 0 0 1 0 0 0 1 3068.DAT
Moved 146  3068.DAT: 0 ~Moved to 3068b
--->1 15 240 -8 -240 1 0 0 0 1 0 0 0 1 3068b.dat

File 3     HOUSE3.DAT
Line 49    1 15 240 -8 -280 1 0 0 0 1 0 0 0 1 3068.DAT
Moved 147  3068.DAT: 0 ~Moved to 3068b
--->1 15 240 -8 -280 1 0 0 0 1 0 0 0 1 3068b.dat

File 3     HOUSE3.DAT
Line 50    1 15 240 -8 120 1 0 0 0 1 0 0 0 1 3068.DAT
Moved 148  3068.DAT: 0 ~Moved to 3068b
--->1 15 240 -8 120 1 0 0 0 1 0 0 0 1 3068b.dat

File 3     HOUSE3.DAT
Line 51    1 15 240 -8 160 1 0 0 0 1 0 0 0 1 3068.DAT
Moved 149  3068.DAT: 0 ~Moved to 3068b
--->1 15 240 -8 160 1 0 0 0 1 0 0 0 1 3068b.dat

File 3     HOUSE3.DAT
Line 52    1 15 240 -8 200 1 0 0 0 1 0 0 0 1 3068.DAT
Moved 150  3068.DAT: 0 ~Moved to 3068b
--->1 15 240 -8 200 1 0 0 0 1 0 0 0 1 3068b.dat

File 3     HOUSE3.DAT
Line 53    1 15 240 -8 240 1 0 0 0 1 0 0 0 1 3068.DAT
Moved 151  3068.DAT: 0 ~Moved to 3068b
--->1 15 240 -8 240 1 0 0 0 1 0 0 0 1 3068b.dat

File 3     HOUSE3.DAT
Line 54    1 15 240 -8 280 1 0 0 0 1 0 0 0 1 3068.DAT
Moved 152  3068.DAT: 0 ~Moved to 3068b
--->1 15 240 -8 280 1 0 0 0 1 0 0 0 1 3068b.dat

File 3     HOUSE3.DAT
Line 55    1 15 240 -8 310 1 0 0 0 1 0 0 0 1 3069.DAT
Moved 153  3069.DAT: 0 ~Moved to 3069b
--->1 15 240 -8 310 1 0 0 0 1 0 0 0 1 3069b.dat

File 3     HOUSE3.DAT
Line 56    1 15 240 -8 -310 1 0 0 0 1 0 0 0 1 3069.DAT
Moved 154  3069.DAT: 0 ~Moved to 3069b
--->1 15 240 -8 -310 1 0 0 0 1 0 0 0 1 3069b.dat

File 3     HOUSE3.DAT
Line 176   1 15 710 -312 -130 0 0 1 0 1 0 -1 0 0 31.DAT
Moved 155  31.DAT: 0 ~Moved to 31cc01
--->1 15 710 -312 -130 0 0 1 0 1 0 -1 0 0 31cc01.dat

File 3     HOUSE3.DAT
Line 177   1 15 710 -312 130 0 0 1 0 1 0 -1 0 0 31.DAT
Moved 156  31.DAT: 0 ~Moved to 31cc01
--->1 15 710 -312 130 0 0 1 0 1 0 -1 0 0 31cc01.dat

File 3     HOUSE3.DAT
Line 226   1 0 1010 -416 0 0 0 1 0 1 0 -1 0 0 3069.DAT
Moved 157  3069.DAT: 0 ~Moved to 3069b
--->1 0 1010 -416 0 0 0 1 0 1 0 -1 0 0 3069b.dat

File 3     HOUSE3.DAT
Line 227   1 0 980 -416 0 1 0 0 0 1 0 0 0 1 3068.DAT
Moved 158  3068.DAT: 0 ~Moved to 3068b
--->1 0 980 -416 0 1 0 0 0 1 0 0 0 1 3068b.dat

File 3     HOUSE3.DAT
Line 228   1 0 940 -416 0 1 0 0 0 1 0 0 0 1 3068.DAT
Moved 159  3068.DAT: 0 ~Moved to 3068b
--->1 0 940 -416 0 1 0 0 0 1 0 0 0 1 3068b.dat

File 3     HOUSE3.DAT
Line 229   1 0 900 -416 0 1 0 0 0 1 0 0 0 1 3068.DAT
Moved 160  3068.DAT: 0 ~Moved to 3068b
--->1 0 900 -416 0 1 0 0 0 1 0 0 0 1 3068b.dat

File 3     HOUSE3.DAT
Line 230   1 0 860 -416 0 1 0 0 0 1 0 0 0 1 3068.DAT
Moved 161  3068.DAT: 0 ~Moved to 3068b
--->1 0 860 -416 0 1 0 0 0 1 0 0 0 1 3068b.dat

File 4     SHOP.DAT
Line 99    1 15 -60 -208 -80 1 0 0 0 1 0 0 0 1 3005-C.DAT
Moved 162  3005-C.DAT: 0 ~Moved to 3005ptc
--->1 15 -60 -208 -80 1 0 0 0 1 0 0 0 1 3005ptc.dat

File 4     SHOP.DAT
Line 100   1 15 -40 -208 -80 1 0 0 0 1 0 0 0 1 3005-L.DAT
Moved 163  3005-L.DAT: 0 ~Moved to 3005ptl
--->1 15 -40 -208 -80 1 0 0 0 1 0 0 0 1 3005ptl.dat

File 4     SHOP.DAT
Line 101   1 15 -20 -208 -80 1 0 0 0 1 0 0 0 1 3005-O.DAT
Moved 164  3005-O.DAT: 0 ~Moved to 3005pto
--->1 15 -20 -208 -80 1 0 0 0 1 0 0 0 1 3005pto.dat

File 4     SHOP.DAT
Line 102   1 15 0 -208 -80 1 0 0 0 1 0 0 0 1 3005-T.DAT
Moved 165  3005-T.DAT: 0 ~Moved to 3005ptt
--->1 15 0 -208 -80 1 0 0 0 1 0 0 0 1 3005ptt.dat

File 4     SHOP.DAT
Line 103   1 15 20 -208 -80 1 0 0 0 1 0 0 0 1 3005-H.DAT
Moved 166  3005-H.DAT: 0 ~Moved to 3005pth
--->1 15 20 -208 -80 1 0 0 0 1 0 0 0 1 3005pth.dat

File 4     SHOP.DAT
Line 104   1 15 40 -208 -80 1 0 0 0 1 0 0 0 1 3005-E.DAT
Moved 167  3005-E.DAT: 0 ~Moved to 3005pte
--->1 15 40 -208 -80 1 0 0 0 1 0 0 0 1 3005pte.dat

File 4     SHOP.DAT
Line 105   1 15 60 -208 -80 1 0 0 0 1 0 0 0 1 3005-S.DAT
Moved 168  3005-S.DAT: 0 ~Moved to 3005pts
--->1 15 60 -208 -80 1 0 0 0 1 0 0 0 1 3005pts.dat

File 4     SHOP.DAT
Line 112   1 15 -60 -224 -80 1 0 0 0 1 0 0 0 1 3070.DAT
Moved 169  3070.DAT: 0 ~Moved to 3070a
--->1 15 -60 -224 -80 1 0 0 0 1 0 0 0 1 3070a.dat


Scanning for LDR files...
File 5     H4.LDR
Line 2     0 Name: Houses.dat
--->   0 Name: H4.ldr

File 5     H4.LDR
Line 7     1 2 10 192 0 1 0 0 0 1 0 0 0 1 2748.DAT
Moved 170  2748.DAT: 0 ~Moved to 3857
--->1 2 10 192 0 1 0 0 0 1 0 0 0 1 3857.dat

File 5     H4.LDR
Line 28    1 14 -270 96 10 1 0 0 0 1 0 0 0 1 7026.DAT
Moved 171  7026.DAT: 0 ~Moved to 3081cc01
--->1 14 -270 96 10 1 0 0 0 1 0 0 0 1 3081cc01.dat

File 5     H4.LDR
Line 41    1 14 -200 136 140 -3.33067e-015 0 -1 0 1 0 1 0 -3.33067e-015 2412.DAT
Moved 172  2412.DAT: 0 ~Moved to 2412a
--->1 14 -200 136 140 -3.33067e-015 0 -1 0 1 0 1 0 -3.33067e-015 2412a.dat

File 5     H4.LDR
Line 45    1 14 -180 128 140 -3.33067e-015 0 1 0 1 0 -1 0 -3.33067e-015 298.DAT
Moved 173  298.DAT: 0 ~Moved to 4592
--->1 14 -180 128 140 -3.33067e-015 0 1 0 1 0 -1 0 -3.33067e-015 4592.dat

File 5     H4.LDR
Line 46    1 14 -180 128 140 0.707107 0.707107 0 -0.707107 0.707107 0 0 0 1 297.DAT
Moved 174  297.DAT: 0 ~Moved to 4593
--->1 14 -180 128 140 0.707107 0.707107 0 -0.707107 0.707107 0 0 0 1 4593.dat

File 5     H4.LDR
Line 53    1 14 -110 96 -70 1 0 0 0 1 0 0 0 1 7026.DAT
Moved 175  7026.DAT: 0 ~Moved to 3081cc01
--->1 14 -110 96 -70 1 0 0 0 1 0 0 0 1 3081cc01.dat

File 5     H4.LDR
Line 64    1 4 -230 56 150 1 0 0 0 1 0 0 0 1 3069.DAT
Moved 176  3069.DAT: 0 ~Moved to 3069b
--->1 4 -230 56 150 1 0 0 0 1 0 0 0 1 3069b.dat

File 5     H4.LDR
Line 65    1 4 -230 56 50 1 0 0 0 1 0 0 0 1 3069.DAT
Moved 177  3069.DAT: 0 ~Moved to 3069b
--->1 4 -230 56 50 1 0 0 0 1 0 0 0 1 3069b.dat

File 5     H4.LDR
Line 77    1 14 -40 136 60 -3.33067e-015 0 1 0 1 0 -1 0 -3.33067e-015 2412.DAT
Moved 178  2412.DAT: 0 ~Moved to 2412a
--->1 14 -40 136 60 -3.33067e-015 0 1 0 1 0 -1 0 -3.33067e-015 2412a.dat

File 5     H4.LDR
Line 78    1 14 -20 128 60 -3.33067e-015 0 1 0 1 0 -1 0 -3.33067e-015 298.DAT
Moved 179  298.DAT: 0 ~Moved to 4592
--->1 14 -20 128 60 -3.33067e-015 0 1 0 1 0 -1 0 -3.33067e-015 4592.dat

File 5     H4.LDR
Line 79    1 14 -20 128 60 -3.33067e-015 0.707107 0.707107 0 0.707107 -0.707107 -1 -2.35514e-015 -2.35514e-015 297.DAT
Moved 180  297.DAT: 0 ~Moved to 4593
--->1 14 -20 128 60 -3.33067e-015 0.707107 0.707107 0 0.707107 -0.707107 -1 -2.35514e-015 -2.35514e-015 4593.dat

File 5     H4.LDR
Line 90    1 14 50 96 10 1 0 0 0 1 0 0 0 1 7026.DAT
Moved 181  7026.DAT: 0 ~Moved to 3081cc01
--->1 14 50 96 10 1 0 0 0 1 0 0 0 1 3081cc01.dat

File 5     H4.LDR
Line 112   1 4 -70 56 -30 1 0 0 0 1 0 0 0 1 3069.DAT
Moved 182  3069.DAT: 0 ~Moved to 3069b
--->1 4 -70 56 -30 1 0 0 0 1 0 0 0 1 3069b.dat

File 5     H4.LDR
Line 113   1 4 -70 56 70 1 0 0 0 1 0 0 0 1 3069.DAT
Moved 183  3069.DAT: 0 ~Moved to 3069b
--->1 4 -70 56 70 1 0 0 0 1 0 0 0 1 3069b.dat

File 6     HOUSES.LDR
Line 7     1 2 10 192 0 1 0 0 0 1 0 0 0 1 2748.DAT
Moved 184  2748.DAT: 0 ~Moved to 3857
--->1 2 10 192 0 1 0 0 0 1 0 0 0 1 3857.dat

File 6     HOUSES.LDR
Line 28    1 14 -270 96 10 1 0 0 0 1 0 0 0 1 7026.DAT
Moved 185  7026.DAT: 0 ~Moved to 3081cc01
--->1 14 -270 96 10 1 0 0 0 1 0 0 0 1 3081cc01.dat

File 6     HOUSES.LDR
Line 41    1 14 -200 136 140 -3.33067e-015 0 -1 0 1 0 1 0 -3.33067e-015 2412.DAT
Moved 186  2412.DAT: 0 ~Moved to 2412a
--->1 14 -200 136 140 -3.33067e-015 0 -1 0 1 0 1 0 -3.33067e-015 2412a.dat

File 6     HOUSES.LDR
Line 45    1 14 -180 128 140 -3.33067e-015 0 1 0 1 0 -1 0 -3.33067e-015 298.DAT
Moved 187  298.DAT: 0 ~Moved to 4592
--->1 14 -180 128 140 -3.33067e-015 0 1 0 1 0 -1 0 -3.33067e-015 4592.dat

File 6     HOUSES.LDR
Line 46    1 14 -180 128 140 0.707107 0.707107 0 -0.707107 0.707107 0 0 0 1 297.DAT
Moved 188  297.DAT: 0 ~Moved to 4593
--->1 14 -180 128 140 0.707107 0.707107 0 -0.707107 0.707107 0 0 0 1 4593.dat

File 6     HOUSES.LDR
Line 53    1 14 -110 96 -70 1 0 0 0 1 0 0 0 1 7026.DAT
Moved 189  7026.DAT: 0 ~Moved to 3081cc01
--->1 14 -110 96 -70 1 0 0 0 1 0 0 0 1 3081cc01.dat

File 6     HOUSES.LDR
Line 64    1 4 -230 56 150 1 0 0 0 1 0 0 0 1 3069.DAT
Moved 190  3069.DAT: 0 ~Moved to 3069b
--->1 4 -230 56 150 1 0 0 0 1 0 0 0 1 3069b.dat

File 6     HOUSES.LDR
Line 65    1 4 -230 56 50 1 0 0 0 1 0 0 0 1 3069.DAT
Moved 191  3069.DAT: 0 ~Moved to 3069b
--->1 4 -230 56 50 1 0 0 0 1 0 0 0 1 3069b.dat

File 6     HOUSES.LDR
Line 77    1 14 -40 136 60 -3.33067e-015 0 1 0 1 0 -1 0 -3.33067e-015 2412.DAT
Moved 192  2412.DAT: 0 ~Moved to 2412a
--->1 14 -40 136 60 -3.33067e-015 0 1 0 1 0 -1 0 -3.33067e-015 2412a.dat

File 6     HOUSES.LDR
Line 78    1 14 -20 128 60 -3.33067e-015 0 1 0 1 0 -1 0 -3.33067e-015 298.DAT
Moved 193  298.DAT: 0 ~Moved to 4592
--->1 14 -20 128 60 -3.33067e-015 0 1 0 1 0 -1 0 -3.33067e-015 4592.dat

File 6     HOUSES.LDR
Line 79    1 14 -20 128 60 -3.33067e-015 0.707107 0.707107 0 0.707107 -0.707107 -1 -2.35514e-015 -2.35514e-015 297.DAT
Moved 194  297.DAT: 0 ~Moved to 4593
--->1 14 -20 128 60 -3.33067e-015 0.707107 0.707107 0 0.707107 -0.707107 -1 -2.35514e-015 -2.35514e-015 4593.dat

File 6     HOUSES.LDR
Line 90    1 14 50 96 10 1 0 0 0 1 0 0 0 1 7026.DAT
Moved 195  7026.DAT: 0 ~Moved to 3081cc01
--->1 14 50 96 10 1 0 0 0 1 0 0 0 1 3081cc01.dat

File 6     HOUSES.LDR
Line 112   1 4 -70 56 -30 1 0 0 0 1 0 0 0 1 3069.DAT
Moved 196  3069.DAT: 0 ~Moved to 3069b
--->1 4 -70 56 -30 1 0 0 0 1 0 0 0 1 3069b.dat

File 6     HOUSES.LDR
Line 113   1 4 -70 56 70 1 0 0 0 1 0 0 0 1 3069.DAT
Moved 197  3069.DAT: 0 ~Moved to 3069b
--->1 4 -70 56 70 1 0 0 0 1 0 0 0 1 3069b.dat

File 7     TVSTAT.LDR
Line 5     1 2 -40 464 480 1 0 0 0 1 0 0 0 1 2748.DAT
Moved 198  2748.DAT: 0 ~Moved to 3857
--->1 2 -40 464 480 1 0 0 0 1 0 0 0 1 3857.dat

File 7     TVSTAT.LDR
Line 6     1 15 260 456 240 1 0 0 0 1 0 0 0 1 3068.DAT
Moved 199  3068.DAT: 0 ~Moved to 3068b
--->1 15 260 456 240 1 0 0 0 1 0 0 0 1 3068b.dat

File 7     TVSTAT.LDR
Line 7     1 15 220 456 240 1 0 0 0 1 0 0 0 1 3068.DAT
Moved 200  3068.DAT: 0 ~Moved to 3068b
--->1 15 220 456 240 1 0 0 0 1 0 0 0 1 3068b.dat

File 7     TVSTAT.LDR
Line 8     1 15 180 456 240 1 0 0 0 1 0 0 0 1 3068.DAT
Moved 201  3068.DAT: 0 ~Moved to 3068b
--->1 15 180 456 240 1 0 0 0 1 0 0 0 1 3068b.dat

File 7     TVSTAT.LDR
Line 9     1 15 140 456 240 1 0 0 0 1 0 0 0 1 3068.DAT
Moved 202  3068.DAT: 0 ~Moved to 3068b
--->1 15 140 456 240 1 0 0 0 1 0 0 0 1 3068b.dat

File 7     TVSTAT.LDR
Line 10    1 15 100 456 240 1 0 0 0 1 0 0 0 1 3068.DAT
Moved 203  3068.DAT: 0 ~Moved to 3068b
--->1 15 100 456 240 1 0 0 0 1 0 0 0 1 3068b.dat

File 7     TVSTAT.LDR
Line 11    1 15 60 456 240 1 0 0 0 1 0 0 0 1 3068.DAT
Moved 204  3068.DAT: 0 ~Moved to 3068b
--->1 15 60 456 240 1 0 0 0 1 0 0 0 1 3068b.dat

File 7     TVSTAT.LDR
Line 12    1 15 20 456 240 1 0 0 0 1 0 0 0 1 3068.DAT
Moved 205  3068.DAT: 0 ~Moved to 3068b
--->1 15 20 456 240 1 0 0 0 1 0 0 0 1 3068b.dat

File 7     TVSTAT.LDR
Line 13    1 15 -20 456 240 1 0 0 0 1 0 0 0 1 3068.DAT
Moved 206  3068.DAT: 0 ~Moved to 3068b
--->1 15 -20 456 240 1 0 0 0 1 0 0 0 1 3068b.dat

File 7     TVSTAT.LDR
Line 14    1 15 -60 456 240 1 0 0 0 1 0 0 0 1 3068.DAT
Moved 207  3068.DAT: 0 ~Moved to 3068b
--->1 15 -60 456 240 1 0 0 0 1 0 0 0 1 3068b.dat

File 7     TVSTAT.LDR
Line 15    1 15 -100 456 240 1 0 0 0 1 0 0 0 1 3068.DAT
Moved 208  3068.DAT: 0 ~Moved to 3068b
--->1 15 -100 456 240 1 0 0 0 1 0 0 0 1 3068b.dat

File 7     TVSTAT.LDR
Line 16    1 15 -140 456 240 1 0 0 0 1 0 0 0 1 3068.DAT
Moved 209  3068.DAT: 0 ~Moved to 3068b
--->1 15 -140 456 240 1 0 0 0 1 0 0 0 1 3068b.dat

File 7     TVSTAT.LDR
Line 17    1 15 -180 456 240 1 0 0 0 1 0 0 0 1 3068.DAT
Moved 210  3068.DAT: 0 ~Moved to 3068b
--->1 15 -180 456 240 1 0 0 0 1 0 0 0 1 3068b.dat

File 7     TVSTAT.LDR
Line 18    1 15 -220 456 240 1 0 0 0 1 0 0 0 1 3068.DAT
Moved 211  3068.DAT: 0 ~Moved to 3068b
--->1 15 -220 456 240 1 0 0 0 1 0 0 0 1 3068b.dat

File 7     TVSTAT.LDR
Line 19    1 15 -260 456 240 1 0 0 0 1 0 0 0 1 3068.DAT
Moved 212  3068.DAT: 0 ~Moved to 3068b
--->1 15 -260 456 240 1 0 0 0 1 0 0 0 1 3068b.dat

File 7     TVSTAT.LDR
Line 20    1 15 -300 456 240 1 0 0 0 1 0 0 0 1 3068.DAT
Moved 213  3068.DAT: 0 ~Moved to 3068b
--->1 15 -300 456 240 1 0 0 0 1 0 0 0 1 3068b.dat

File 7     TVSTAT.LDR
Line 21    1 15 -340 456 240 1 0 0 0 1 0 0 0 1 3068.DAT
Moved 214  3068.DAT: 0 ~Moved to 3068b
--->1 15 -340 456 240 1 0 0 0 1 0 0 0 1 3068b.dat

File 7     TVSTAT.LDR
Line 25    1 0 240 456 200 1 0 0 0 1 0 0 0 1 3068.DAT
Moved 215  3068.DAT: 0 ~Moved to 3068b
--->1 0 240 456 200 1 0 0 0 1 0 0 0 1 3068b.dat

File 7     TVSTAT.LDR
Line 26    1 0 200 456 200 1 0 0 0 1 0 0 0 1 3068.DAT
Moved 216  3068.DAT: 0 ~Moved to 3068b
--->1 0 200 456 200 1 0 0 0 1 0 0 0 1 3068b.dat

File 7     TVSTAT.LDR
Line 27    1 0 160 456 200 1 0 0 0 1 0 0 0 1 3068.DAT
Moved 217  3068.DAT: 0 ~Moved to 3068b
--->1 0 160 456 200 1 0 0 0 1 0 0 0 1 3068b.dat

File 7     TVSTAT.LDR
Line 28    1 0 160 456 200 1 0 0 0 1 0 0 0 1 3068.DAT
Moved 218  3068.DAT: 0 ~Moved to 3068b
--->1 0 160 456 200 1 0 0 0 1 0 0 0 1 3068b.dat

File 7     TVSTAT.LDR
Line 29    1 0 120 456 200 1 0 0 0 1 0 0 0 1 3068.DAT
Moved 219  3068.DAT: 0 ~Moved to 3068b
--->1 0 120 456 200 1 0 0 0 1 0 0 0 1 3068b.dat

File 7     TVSTAT.LDR
Line 30    1 0 120 456 280 1 0 0 0 1 0 0 0 1 3068.DAT
Moved 220  3068.DAT: 0 ~Moved to 3068b
--->1 0 120 456 280 1 0 0 0 1 0 0 0 1 3068b.dat

File 7     TVSTAT.LDR
Line 31    1 0 160 456 280 1 0 0 0 1 0 0 0 1 3068.DAT
Moved 221  3068.DAT: 0 ~Moved to 3068b
--->1 0 160 456 280 1 0 0 0 1 0 0 0 1 3068b.dat

File 7     TVSTAT.LDR
Line 32    1 0 200 456 280 1 0 0 0 1 0 0 0 1 3068.DAT
Moved 222  3068.DAT: 0 ~Moved to 3068b
--->1 0 200 456 280 1 0 0 0 1 0 0 0 1 3068b.dat

File 7     TVSTAT.LDR
Line 33    1 0 240 456 280 1 0 0 0 1 0 0 0 1 3068.DAT
Moved 223  3068.DAT: 0 ~Moved to 3068b
--->1 0 240 456 280 1 0 0 0 1 0 0 0 1 3068b.dat

File 7     TVSTAT.LDR
Line 34    1 0 240 456 320 1 0 0 0 1 0 0 0 1 3068.DAT
Moved 224  3068.DAT: 0 ~Moved to 3068b
--->1 0 240 456 320 1 0 0 0 1 0 0 0 1 3068b.dat

File 7     TVSTAT.LDR
Line 35    1 0 200 456 320 1 0 0 0 1 0 0 0 1 3068.DAT
Moved 225  3068.DAT: 0 ~Moved to 3068b
--->1 0 200 456 320 1 0 0 0 1 0 0 0 1 3068b.dat

File 7     TVSTAT.LDR
Line 36    1 0 160 456 320 1 0 0 0 1 0 0 0 1 3068.DAT
Moved 226  3068.DAT: 0 ~Moved to 3068b
--->1 0 160 456 320 1 0 0 0 1 0 0 0 1 3068b.dat

File 7     TVSTAT.LDR
Line 37    1 0 120 456 320 1 0 0 0 1 0 0 0 1 3068.DAT
Moved 227  3068.DAT: 0 ~Moved to 3068b
--->1 0 120 456 320 1 0 0 0 1 0 0 0 1 3068b.dat

File 7     TVSTAT.LDR
Line 38    1 0 120 456 360 1 0 0 0 1 0 0 0 1 3068.DAT
Moved 228  3068.DAT: 0 ~Moved to 3068b
--->1 0 120 456 360 1 0 0 0 1 0 0 0 1 3068b.dat

File 7     TVSTAT.LDR
Line 39    1 0 160 456 360 1 0 0 0 1 0 0 0 1 3068.DAT
Moved 229  3068.DAT: 0 ~Moved to 3068b
--->1 0 160 456 360 1 0 0 0 1 0 0 0 1 3068b.dat

File 7     TVSTAT.LDR
Line 40    1 0 200 456 360 1 0 0 0 1 0 0 0 1 3068.DAT
Moved 230  3068.DAT: 0 ~Moved to 3068b
--->1 0 200 456 360 1 0 0 0 1 0 0 0 1 3068b.dat

File 7     TVSTAT.LDR
Line 41    1 0 240 456 360 1 0 0 0 1 0 0 0 1 3068.DAT
Moved 231  3068.DAT: 0 ~Moved to 3068b
--->1 0 240 456 360 1 0 0 0 1 0 0 0 1 3068b.dat

File 7     TVSTAT.LDR
Line 42    1 0 240 456 400 1 0 0 0 1 0 0 0 1 3068.DAT
Moved 232  3068.DAT: 0 ~Moved to 3068b
--->1 0 240 456 400 1 0 0 0 1 0 0 0 1 3068b.dat

File 7     TVSTAT.LDR
Line 43    1 0 200 456 400 1 0 0 0 1 0 0 0 1 3068.DAT
Moved 233  3068.DAT: 0 ~Moved to 3068b
--->1 0 200 456 400 1 0 0 0 1 0 0 0 1 3068b.dat

File 7     TVSTAT.LDR
Line 44    1 0 160 456 400 1 0 0 0 1 0 0 0 1 3068.DAT
Moved 234  3068.DAT: 0 ~Moved to 3068b
--->1 0 160 456 400 1 0 0 0 1 0 0 0 1 3068b.dat

File 7     TVSTAT.LDR
Line 45    1 0 120 456 400 1 0 0 0 1 0 0 0 1 3068.DAT
Moved 235  3068.DAT: 0 ~Moved to 3068b
--->1 0 120 456 400 1 0 0 0 1 0 0 0 1 3068b.dat

File 7     TVSTAT.LDR
Line 46    1 0 120 456 440 1 0 0 0 1 0 0 0 1 3068.DAT
Moved 236  3068.DAT: 0 ~Moved to 3068b
--->1 0 120 456 440 1 0 0 0 1 0 0 0 1 3068b.dat

File 7     TVSTAT.LDR
Line 47    1 0 160 456 440 1 0 0 0 1 0 0 0 1 3068.DAT
Moved 237  3068.DAT: 0 ~Moved to 3068b
--->1 0 160 456 440 1 0 0 0 1 0 0 0 1 3068b.dat

File 7     TVSTAT.LDR
Line 48    1 0 200 456 440 1 0 0 0 1 0 0 0 1 3068.DAT
Moved 238  3068.DAT: 0 ~Moved to 3068b
--->1 0 200 456 440 1 0 0 0 1 0 0 0 1 3068b.dat

File 7     TVSTAT.LDR
Line 49    1 0 240 456 440 1 0 0 0 1 0 0 0 1 3068.DAT
Moved 239  3068.DAT: 0 ~Moved to 3068b
--->1 0 240 456 440 1 0 0 0 1 0 0 0 1 3068b.dat

File 7     TVSTAT.LDR
Line 50    1 0 240 456 440 1 0 0 0 1 0 0 0 1 3068.DAT
Moved 240  3068.DAT: 0 ~Moved to 3068b
--->1 0 240 456 440 1 0 0 0 1 0 0 0 1 3068b.dat

File 7     TVSTAT.LDR
Line 66    1 15 20 456 280 1 0 0 0 1 0 0 0 1 3068.DAT
Moved 241  3068.DAT: 0 ~Moved to 3068b
--->1 15 20 456 280 1 0 0 0 1 0 0 0 1 3068b.dat

File 7     TVSTAT.LDR
Line 67    1 15 20 456 320 1 0 0 0 1 0 0 0 1 3068.DAT
Moved 242  3068.DAT: 0 ~Moved to 3068b
--->1 15 20 456 320 1 0 0 0 1 0 0 0 1 3068b.dat

File 7     TVSTAT.LDR
Line 68    1 15 20 456 360 1 0 0 0 1 0 0 0 1 3068.DAT
Moved 243  3068.DAT: 0 ~Moved to 3068b
--->1 15 20 456 360 1 0 0 0 1 0 0 0 1 3068b.dat

File 7     TVSTAT.LDR
Line 69    1 15 20 456 400 1 0 0 0 1 0 0 0 1 3068.DAT
Moved 244  3068.DAT: 0 ~Moved to 3068b
--->1 15 20 456 400 1 0 0 0 1 0 0 0 1 3068b.dat

File 7     TVSTAT.LDR
Line 70    1 15 20 456 440 1 0 0 0 1 0 0 0 1 3068.DAT
Moved 245  3068.DAT: 0 ~Moved to 3068b
--->1 15 20 456 440 1 0 0 0 1 0 0 0 1 3068b.dat

File 7     TVSTAT.LDR
Line 71    1 15 20 456 480 1 0 0 0 1 0 0 0 1 3068.DAT
Moved 246  3068.DAT: 0 ~Moved to 3068b
--->1 15 20 456 480 1 0 0 0 1 0 0 0 1 3068b.dat

File 7     TVSTAT.LDR
Line 72    1 15 20 456 510 1 0 0 0 1 0 0 0 1 3069.DAT
Moved 247  3069.DAT: 0 ~Moved to 3069b
--->1 15 20 456 510 1 0 0 0 1 0 0 0 1 3069b.dat

File 7     TVSTAT.LDR
Line 73    1 0 120 456 480 1 0 0 0 1 0 0 0 1 3068.DAT
Moved 248  3068.DAT: 0 ~Moved to 3068b
--->1 0 120 456 480 1 0 0 0 1 0 0 0 1 3068b.dat

File 7     TVSTAT.LDR
Line 74    1 0 160 456 480 1 0 0 0 1 0 0 0 1 3068.DAT
Moved 249  3068.DAT: 0 ~Moved to 3068b
--->1 0 160 456 480 1 0 0 0 1 0 0 0 1 3068b.dat

File 7     TVSTAT.LDR
Line 75    1 0 200 456 480 1 0 0 0 1 0 0 0 1 3068.DAT
Moved 250  3068.DAT: 0 ~Moved to 3068b
--->1 0 200 456 480 1 0 0 0 1 0 0 0 1 3068b.dat

File 7     TVSTAT.LDR
Line 76    1 0 240 456 480 1 0 0 0 1 0 0 0 1 3068.DAT
Moved 251  3068.DAT: 0 ~Moved to 3068b
--->1 0 240 456 480 1 0 0 0 1 0 0 0 1 3068b.dat

File 7     TVSTAT.LDR
Line 77    1 0 240 456 520 1 0 0 0 1 0 0 0 1 3068.DAT
Moved 252  3068.DAT: 0 ~Moved to 3068b
--->1 0 240 456 520 1 0 0 0 1 0 0 0 1 3068b.dat

File 7     TVSTAT.LDR
Line 78    1 0 200 456 520 1 0 0 0 1 0 0 0 1 3068.DAT
Moved 253  3068.DAT: 0 ~Moved to 3068b
--->1 0 200 456 520 1 0 0 0 1 0 0 0 1 3068b.dat

File 7     TVSTAT.LDR
Line 79    1 0 160 456 520 1 0 0 0 1 0 0 0 1 3068.DAT
Moved 254  3068.DAT: 0 ~Moved to 3068b
--->1 0 160 456 520 1 0 0 0 1 0 0 0 1 3068b.dat

File 7     TVSTAT.LDR
Line 80    1 0 120 456 520 1 0 0 0 1 0 0 0 1 3068.DAT
Moved 255  3068.DAT: 0 ~Moved to 3068b
--->1 0 120 456 520 1 0 0 0 1 0 0 0 1 3068b.dat

File 7     TVSTAT.LDR
Line 81    1 0 120 456 550 1 0 0 0 1 0 0 0 1 3069.DAT
Moved 256  3069.DAT: 0 ~Moved to 3069b
--->1 0 120 456 550 1 0 0 0 1 0 0 0 1 3069b.dat

File 7     TVSTAT.LDR
Line 82    1 0 160 456 550 1 0 0 0 1 0 0 0 1 3069.DAT
Moved 257  3069.DAT: 0 ~Moved to 3069b
--->1 0 160 456 550 1 0 0 0 1 0 0 0 1 3069b.dat

File 7     TVSTAT.LDR
Line 83    1 0 200 456 550 1 0 0 0 1 0 0 0 1 3069.DAT
Moved 258  3069.DAT: 0 ~Moved to 3069b
--->1 0 200 456 550 1 0 0 0 1 0 0 0 1 3069b.dat

File 7     TVSTAT.LDR
Line 84    1 0 240 456 550 1 0 0 0 1 0 0 0 1 3069.DAT
Moved 259  3069.DAT: 0 ~Moved to 3069b
--->1 0 240 456 550 1 0 0 0 1 0 0 0 1 3069b.dat

File 7     TVSTAT.LDR
Line 164   1 15 180 432 300 1 0 0 0 1 0 0 0 1 4218.DAT
Moved 260  4218.DAT: 0 ~Moved to 4219a
--->1 15 180 432 300 1 0 0 0 1 0 0 0 1 4219a.dat

File 7     TVSTAT.LDR
Line 165   1 15 180 416 300 1 0 0 0 1 0 0 0 1 4219.DAT
Moved 261  4219.DAT: 0 ~Moved to 4218a
--->1 15 180 416 300 1 0 0 0 1 0 0 0 1 4218a.dat

File 7     TVSTAT.LDR
Line 166   1 15 180 400 300 1 0 0 0 1 0 0 0 1 4219.DAT
Moved 262  4219.DAT: 0 ~Moved to 4218a
--->1 15 180 400 300 1 0 0 0 1 0 0 0 1 4218a.dat

File 7     TVSTAT.LDR
Line 167   1 47 180 384 300 1 0 0 0 1 0 0 0 1 4219.DAT
Moved 263  4219.DAT: 0 ~Moved to 4218a
--->1 47 180 384 300 1 0 0 0 1 0 0 0 1 4218a.dat

File 7     TVSTAT.LDR
Line 168   1 47 180 368 300 1 0 0 0 1 0 0 0 1 4219.DAT
Moved 264  4219.DAT: 0 ~Moved to 4218a
--->1 47 180 368 300 1 0 0 0 1 0 0 0 1 4218a.dat

File 7     TVSTAT.LDR
Line 169   1 47 180 352 300 1 0 0 0 1 0 0 0 1 4219.DAT
Moved 265  4219.DAT: 0 ~Moved to 4218a
--->1 47 180 352 300 1 0 0 0 1 0 0 0 1 4218a.dat

File 7     TVSTAT.LDR
Line 170   1 47 180 336 300 1 0 0 0 1 0 0 0 1 4219.DAT
Moved 266  4219.DAT: 0 ~Moved to 4218a
--->1 47 180 336 300 1 0 0 0 1 0 0 0 1 4218a.dat

File 7     TVSTAT.LDR
Line 171   1 47 180 320 300 1 0 0 0 1 0 0 0 1 4219.DAT
Moved 267  4219.DAT: 0 ~Moved to 4218a
--->1 47 180 320 300 1 0 0 0 1 0 0 0 1 4218a.dat

File 7     TVSTAT.LDR
Line 172   1 47 180 304 300 1 0 0 0 1 0 0 0 1 4219.DAT
Moved 268  4219.DAT: 0 ~Moved to 4218a
--->1 47 180 304 300 1 0 0 0 1 0 0 0 1 4218a.dat

File 7     TVSTAT.LDR
Line 173   1 47 180 288 300 1 0 0 0 1 0 0 0 1 4219.DAT
Moved 269  4219.DAT: 0 ~Moved to 4218a
--->1 47 180 288 300 1 0 0 0 1 0 0 0 1 4218a.dat

File 7     TVSTAT.LDR
Line 174   1 15 180 272 300 1 0 0 0 1 0 0 0 1 4219.DAT
Moved 270  4219.DAT: 0 ~Moved to 4218a
--->1 15 180 272 300 1 0 0 0 1 0 0 0 1 4218a.dat

File 7     TVSTAT.LDR
Line 175   1 15 180 256 300 1 0 0 0 1 0 0 0 1 4219.DAT
Moved 271  4219.DAT: 0 ~Moved to 4218a
--->1 15 180 256 300 1 0 0 0 1 0 0 0 1 4218a.dat

File 7     TVSTAT.LDR
Line 176   1 15 180 240 300 1 0 0 0 1 0 0 0 1 4219.DAT
Moved 272  4219.DAT: 0 ~Moved to 4218a
--->1 15 180 240 300 1 0 0 0 1 0 0 0 1 4218a.dat

File 7     TVSTAT.LDR
Line 177   1 15 180 224 300 1 0 0 0 1 0 0 0 1 4219.DAT
Moved 273  4219.DAT: 0 ~Moved to 4218a
--->1 15 180 224 300 1 0 0 0 1 0 0 0 1 4218a.dat

File 7     TVSTAT.LDR
Line 288   1 2 -350 -40 630 0 0 1 0 1 0 -1 0 0 3040.DAT
Moved 274  3040.DAT: 0 ~Moved to 3040b
--->1 2 -350 -40 630 0 0 1 0 1 0 -1 0 0 3040b.dat

File 7     TVSTAT.LDR
Line 289   1 2 -50 -40 630 0 0 -1 0 1 0 1 0 0 3040.DAT
Moved 275  3040.DAT: 0 ~Moved to 3040b
--->1 2 -50 -40 630 0 0 -1 0 1 0 1 0 0 3040b.dat


Scanning for MPD files...
 7 files scanned.
 275 references to moved files found in 7 file(s).
 0 references to LDR files found in 0 file(s).
 1 file(s) with incorrect '0 Name:' line found.
 0 file(s) with incorrect '0 Parent:' line found.