

MovedTo v 0.03 by Tore Eriksson

Scanning for DAT files...
File 1     PARR_14.DAT
Line 2     0 Name: x772parr.dat
--->   0 Name: Parr_14.dat

File 2     PARR_15.DAT
Line 2     0 Name: x772parr.dat
--->   0 Name: Parr_15.dat

File 3     PARR_4.DAT
Line 2     0 Name: x772parr.dat
--->   0 Name: Parr_4.dat

File 4     PSHE_14.DAT
Line 2     0 Name: x772pshe.dat
--->   0 Name: Pshe_14.dat

File 5     PSHE_15.DAT
Line 2     0 Name: x772pshe.dat
--->   0 Name: Pshe_15.dat

File 6     PSHE_4.DAT
Line 2     0 Name: x772pshe.dat
--->   0 Name: Pshe_4.dat


Scanning for LDR files...
File 7     CFIG_15.LDR
Line 2     0 Name: Mjwcfig.ldr
--->   0 Name: Cfig_15.ldr

File 8     CFIG_4.LDR
Line 2     0 Name: Mjwcfig.ldr
--->   0 Name: Cfig_4.ldr

File 8     CFIG_4.LDR
Line 8     1 16 0 -28 0 1 0 0 0 1 0 0 0 1 972.dat
Moved 1    972.dat: 0 ~Moved to 3817
--->1 16 0 -28 0 1 0 0 0 1 0 0 0 1 3817.dat

File 8     CFIG_4.LDR
Line 9     1 16 0 -28 0 1 0 0 0 1 0 0 0 1 971.dat
Moved 2    971.dat: 0 ~Moved to 3816
--->1 16 0 -28 0 1 0 0 0 1 0 0 0 1 3816.dat

File 9     G_14.LDR
Line 2     0 Name: Bjwgas.ldr
--->   0 Name: G_14.ldr

File 10    G_15.LDR
Line 2     0 Name: Bjwgas.ldr
--->   0 Name: G_15.ldr

File 11    G_4.LDR
Line 2     0 Name: Bjwgas.ldr
--->   0 Name: G_4.ldr

File 13    MFIG_15.LDR
Line 2     0 Name: Mjwmfig.ldr
--->   0 Name: Mfig_15.ldr

File 14    MFIG_4.LDR
Line 2     0 Name: Mjwmfig.ldr
--->   0 Name: Mfig_4.ldr

File 14    MFIG_4.LDR
Line 8     1 16 0 -28 0 1 0 0 0 1 0 0 0 1 972.dat
Moved 3    972.dat: 0 ~Moved to 3817
--->1 16 0 -28 0 1 0 0 0 1 0 0 0 1 3817.dat

File 14    MFIG_4.LDR
Line 9     1 16 0 -28 0 1 0 0 0 1 0 0 0 1 971.dat
Moved 4    971.dat: 0 ~Moved to 3816
--->1 16 0 -28 0 1 0 0 0 1 0 0 0 1 3816.dat

File 15    MJWUFIG.LDR
Line 8      1 1 0 -28 0 1 0 0 0 1 0 0 0 1 972.dat
Moved 5    972.dat: 0 ~Moved to 3817
---> 1 1 0 -28 0 1 0 0 0 1 0 0 0 1 3817.dat

File 15    MJWUFIG.LDR
Line 9      1 1 0 -28 0 1 0 0 0 1 0 0 0 1 971.dat
Moved 6    971.dat: 0 ~Moved to 3816
---> 1 1 0 -28 0 1 0 0 0 1 0 0 0 1 3816.dat

File 16    TFIG_15.LDR
Line 2     0 Name: Mjwtfig.ldr
--->   0 Name: Tfig_15.ldr

File 17    TFIG_4.LDR
Line 2     0 Name: Mjwtfig.ldr
--->   0 Name: Tfig_4.ldr

File 17    TFIG_4.LDR
Line 8     1 16 0 -9 0 1 0 0 0 0 1 0 -1 0 972.dat
Moved 7    972.dat: 0 ~Moved to 3817
--->1 16 0 -9 0 1 0 0 0 0 1 0 -1 0 3817.dat

File 17    TFIG_4.LDR
Line 9     1 16 0 -9 0 1 0 0 0 0 1 0 -1 0 971.dat
Moved 8    971.dat: 0 ~Moved to 3816
--->1 16 0 -9 0 1 0 0 0 0 1 0 -1 0 3816.dat

File 19    VT1_14.LDR
Line 2     0 Name: Vjwtankr.ldr
--->   0 Name: Vt1_14.ldr

File 20    VT1_15.LDR
Line 2     0 Name: Vjwtankr.ldr
--->   0 Name: Vt1_15.ldr

File 21    VT1_4.LDR
Line 2     0 Name: Vjwtankr.ldr
--->   0 Name: Vt1_4.ldr

File 24    _G1_14.LDR
Line 2     0 Name: _bjwgas1.ldr
--->   0 Name: _g1_14.ldr

File 25    _G1_15.LDR
Line 2     0 Name: _bjwgas1.ldr
--->   0 Name: _g1_15.ldr

File 25    _G1_15.LDR
Line 40    1 16 -190 -120 -240 0 0 -1 0 1 0 1 0 0 2493.DAT
Moved 9    2493.DAT: 0 ~Moved to 2493b
--->1 16 -190 -120 -240 0 0 -1 0 1 0 1 0 0 2493b.dat

File 25    _G1_15.LDR
Line 41    1 16 -240 -120 -270 1 0 0 0 1 0 0 0 1 2493.DAT
Moved 10   2493.DAT: 0 ~Moved to 2493b
--->1 16 -240 -120 -270 1 0 0 0 1 0 0 0 1 2493b.dat

File 25    _G1_15.LDR
Line 42    1 16 -320 -120 -270 1 0 0 0 1 0 0 0 1 2493.DAT
Moved 11   2493.DAT: 0 ~Moved to 2493b
--->1 16 -320 -120 -270 1 0 0 0 1 0 0 0 1 2493b.dat

File 25    _G1_15.LDR
Line 43    1 16 -400 -120 -270 1 0 0 0 1 0 0 0 1 2493.DAT
Moved 12   2493.DAT: 0 ~Moved to 2493b
--->1 16 -400 -120 -270 1 0 0 0 1 0 0 0 1 2493b.dat

File 25    _G1_15.LDR
Line 46    1 16 -190 -120 0 0 0 -1 0 1 0 1 0 0 2493.DAT
Moved 13   2493.DAT: 0 ~Moved to 2493b
--->1 16 -190 -120 0 0 0 -1 0 1 0 1 0 0 2493b.dat

File 26    _G1_4.LDR
Line 2     0 Name: _bjwgas1.ldr
--->   0 Name: _g1_4.ldr

File 27    _G2_14.LDR
Line 2     0 Name: _bjwgas2.ldr
--->   0 Name: _g2_14.ldr

File 28    _G2_4.LDR
Line 2     0 Name: _bjwgs21.ldr
--->   0 Name: _g2_4.ldr

File 29    _G3_14.LDR
Line 2     0 Name: _bjwgas3.ldr
--->   0 Name: _g3_14.ldr

File 30    _G3_15.LDR
Line 2     0 Name: _bjwgas3.ldr
--->   0 Name: _g3_15.ldr

File 31    _G3_4.LDR
Line 2     0 Name: _bjwgas3.ldr
--->   0 Name: _g3_4.ldr

File 32    _G42_14.LDR
Line 2     0 Name: _bjwgs42.ldr
--->   0 Name: _g42_14.ldr

File 33    _G42_15.LDR
Line 2     0 Name: _bjwgs42.ldr
--->   0 Name: _g42_15.ldr

File 34    _G42_4.LDR
Line 2     0 Name: _bjwgs42.ldr
--->   0 Name: _g42_4.ldr

File 35    _G4_14.LDR
Line 2     0 Name: _bjwgas4.ldr
--->   0 Name: _g4_14.ldr

File 36    _G4_15.LDR
Line 2     0 Name: _bjwgas4.ldr
--->   0 Name: _g4_15.ldr

File 37    _G4_4.LDR
Line 2     0 Name: _bjwgas4.ldr
--->   0 Name: _g4_4.ldr

File 38    _G5_14.LDR
Line 2     0 Name: _bjwgas5.ldr
--->   0 Name: _g5_14.ldr

File 39    _G5_15.LDR
Line 2     0 Name: _bjwgas5.ldr
--->   0 Name: _g5_15.ldr

File 39    _G5_15.LDR
Line 24     1 7 -30 -30 -42 0.71 0 0.71 0.71 0 -0.71 0 1 0 194.DAT
Moved 14   194.DAT: 0 ~Moved to 4210a
---> 1 7 -30 -30 -42 0.71 0 0.71 0.71 0 -0.71 0 1 0 4210a.dat

File 39    _G5_15.LDR
Line 25     1 7 30 -30 -42 0.71 0 -0.71 -0.71 0 -0.71 0 1 0 194.DAT
Moved 15   194.DAT: 0 ~Moved to 4210a
---> 1 7 30 -30 -42 0.71 0 -0.71 -0.71 0 -0.71 0 1 0 4210a.dat

File 39    _G5_15.LDR
Line 26     1 7 30 -30 3 -0.71 0 -0.71 0.71 0 -0.71 0 -1 0 194.DAT
Moved 16   194.DAT: 0 ~Moved to 4210a
---> 1 7 30 -30 3 -0.71 0 -0.71 0.71 0 -0.71 0 -1 0 4210a.dat

File 39    _G5_15.LDR
Line 27     1 7 -30 -30 3 -0.71 0 0.71 -0.71 0 -0.71 0 -1 0 194.DAT
Moved 17   194.DAT: 0 ~Moved to 4210a
---> 1 7 -30 -30 3 -0.71 0 0.71 -0.71 0 -0.71 0 -1 0 4210a.dat

File 40    _G5_4.LDR
Line 2     0 Name: _bjwgas5.ldr
--->   0 Name: _g5_4.ldr

File 41    _VT1_14.LDR
Line 2     0 Name: _vjwtnk1.ldr
--->   0 Name: _vt1_14.ldr

File 42    _VT1_15.LDR
Line 2     0 Name: _vjwtnk1.ldr
--->   0 Name: _vt1_15.ldr

File 43    _VT1_4.LDR
Line 2     0 Name: _vjwtnk1.ldr
--->   0 Name: _vt1_4.ldr

 43 files scanned.
 17 references to moved files found in 6 file(s).
 0 references to LDR files found in 0 file(s).
 38 file(s) with incorrect '0 Name:' line found.
 0 file(s) with incorrect '0 Parent:' line found.
