MovedTo v 0.04 by Tore Eriksson

Scanning for DAT files...

Scanning for LDR files...
File 14    2536C01.LDR
Line 2     0 Name: 2536c01.dat
--->   0 Name: 2536c01.ldr

File 27    BBSHOUS1.LDR
Line 122   1 15 -120 -64 100 1 0 0 0 1 0 0 0 1 3068p65.dat
Moved 1    3068p65.dat: 0 ~Moved to 3068bd01
--->1 15 -120 -64 100 1 0 0 0 1 0 0 0 1 3068bd01.dat

File 29    BBSTRPLX.LDR
Line 547   1 15 60 -216 290 1 0 0 0 1 0 0 0 1 3068p65.dat
Moved 2    3068p65.dat: 0 ~Moved to 3068bd01
--->1 15 60 -216 290 1 0 0 0 1 0 0 0 1 3068bd01.dat

File 102   MTEWALK1.LDR
Line 2     0 Name: Mjvwalk1.ldr
--->   0 Name: Mtewalk1.ldr

File 114   REV033~1.LDR
Line 2     0 Name: Town.ldr
--->   0 Name: Rev033~1.ldr

File 146   VJWPOLV1.LDR
Line 43    1 15 30 -96 0 1 0 0 0 1 0 0 0 1 3193.dat
Moved 3    3193.dat: 0 ~Moved to 3191
--->1 15 30 -96 0 1 0 0 0 1 0 0 0 1 3191.dat

File 146   VJWPOLV1.LDR
Line 45    1 15 -30 -96 0 1 0 0 0 1 0 0 0 1 3192.dat
Moved 4    3192.dat: 0 ~Moved to 3190
--->1 15 -30 -96 0 1 0 0 0 1 0 0 0 1 3190.dat

File 176   _BBSAPT2.LDR
Line 254   1 15 210 -32 140 -1 0 0 0 1 0 0 0 -1 3068p65.dat
Moved 5    3068p65.dat: 0 ~Moved to 3068bd01
--->1 15 210 -32 140 -1 0 0 0 1 0 0 0 -1 3068bd01.dat

File 177   _BBSAPT3.LDR
Line 137   1 15 -40 -32 70 1 0 0 0 1 0 0 0 1 3068p65.dat
Moved 6    3068p65.dat: 0 ~Moved to 3068bd01
--->1 15 -40 -32 70 1 0 0 0 1 0 0 0 1 3068bd01.dat

File 187   _BMHCRR2.LDR
Line 376   1 7 160 -328 180 0 0 1 0 1 0 -1 0 0 3068P65.DAT
Moved 7    3068P65.DAT: 0 ~Moved to 3068bd01
--->1 7 160 -328 180 0 0 1 0 1 0 -1 0 0 3068bd01.dat

File 199   _VTRU12.LDR
Line 51    1 16 50 -144 270 0 0 -1 0 1 0 1 0 0 445.dat
Moved 8    445.dat: 0 ~Moved to 3193a
--->1 16 50 -144 270 0 0 -1 0 1 0 1 0 0 3193a.dat

File 199   _VTRU12.LDR
Line 52    1 16 -50 -144 270 0 0 1 0 1 0 -1 0 0 446.dat
Moved 9    446.dat: 0 ~Moved to 3192a
--->1 16 -50 -144 270 0 0 1 0 1 0 -1 0 0 3192a.dat


Scanning for MPD files...
File 201   BADSHOPC.MPD
Line 2046  1 14 50 -336 70 0 0 -1 0 1 0 1 0 0 445.dat
Moved 10   445.dat: 0 ~Moved to 3193a
--->1 14 50 -336 70 0 0 -1 0 1 0 1 0 0 3193a.dat

File 203   BJWGAS.MPD
Line 143   1 47 -370 -104 -150 1 0 0 0 1 0 0 0 1 445.DAT
Moved 11   445.DAT: 0 ~Moved to 3193a
--->1 47 -370 -104 -150 1 0 0 0 1 0 0 0 1 3193a.dat

File 203   BJWGAS.MPD
Line 144   1 47 -370 -104 -50 -1 0 0 0 1 0 0 0 -1 446.DAT
Moved 12   446.DAT: 0 ~Moved to 3192a
--->1 47 -370 -104 -50 -1 0 0 0 1 0 0 0 -1 3192a.dat

File 203   BJWGAS.MPD
Line 281   1 7 -430 -88 170 0 0 -1 0 1 0 1 0 0 6246f.dat
Moved 13   6246f.dat: 0 ~Moved to 55296
--->1 7 -430 -88 170 0 0 -1 0 1 0 1 0 0 55296.dat

 207 files scanned.
 13 references to moved files found in 9 file(s).
 0 references to LDR files found in 0 file(s).
 3 file(s) with incorrect '0 Name:' line found.
 0 file(s) with incorrect '0 Parent:' line found.

MovedTo v 0.04 by Tore Eriksson

Scanning for DAT files...

Scanning for LDR files...

Scanning for MPD files...
 207 files scanned.
 0 references to moved files found in 0 file(s).
 0 references to LDR files found in 0 file(s).
 0 file(s) with incorrect '0 Name:' line found.
 0 file(s) with incorrect '0 Parent:' line found.

MovedTo v 0.04 by Tore Eriksson

Scanning for DAT files...

Scanning for LDR files...
File 33    BJAPARIS.LDR
Line 95    1 1 -100 -72 130 1 0 0 0 1 0 0 0 1 970.dat
Moved 1    970.dat: 0 ~Moved to 3815
--->1 1 -100 -72 130 1 0 0 0 1 0 0 0 1 3815.dat

File 33    BJAPARIS.LDR
Line 125   1 4 100 -72 130 1 0 0 0 1 0 0 0 1 970.dat
Moved 2    970.dat: 0 ~Moved to 3815
--->1 4 100 -72 130 1 0 0 0 1 0 0 0 1 3815.dat

File 44    BMHMINE.LDR
Line 184    1 7 140 -166 32 1 0 0 0 1 0 0 0 1 970.DAT
Moved 3    970.DAT: 0 ~Moved to 3815
---> 1 7 140 -166 32 1 0 0 0 1 0 0 0 1 3815.dat

File 44    BMHMINE.LDR
Line 206    1 0 520 -166 151 1 0 0 0 1 0 0 0 1 970.DAT
Moved 4    970.DAT: 0 ~Moved to 3815
---> 1 0 520 -166 151 1 0 0 0 1 0 0 0 1 3815.dat

File 44    BMHMINE.LDR
Line 227    1 0 548 -165 400 0 0 1 0 1 0 -1 0 0 970.DAT
Moved 5    970.DAT: 0 ~Moved to 3815
---> 1 0 548 -165 400 0 0 1 0 1 0 -1 0 0 3815.dat

File 79    MBSFAUST.LDR
Line 9     1 1 0 -12 0 1 0 0 0 1 0 0 0 1 970.DAT
Moved 6    970.DAT: 0 ~Moved to 3815
--->1 1 0 -12 0 1 0 0 0 1 0 0 0 1 3815.dat

File 80    MBSJR.LDR
Line 9     1 1 0 -12 0 1 0 0 0 1 0 0 0 1 970.DAT
Moved 7    970.DAT: 0 ~Moved to 3815
--->1 1 0 -12 0 1 0 0 0 1 0 0 0 1 3815.dat

File 82    MJJBANK1.LDR
Line 9     1 0 -220 -29 288 1 0 0 0 1 0 0 0 1 970.dat
Moved 8    970.dat: 0 ~Moved to 3815
--->1 0 -220 -29 288 1 0 0 0 1 0 0 0 1 3815.dat

File 83    MJJBANK2.LDR
Line 9     1 7 -220 -29 152 -1 0 0 0 1 0 0 0 -1 970.dat
Moved 9    970.dat: 0 ~Moved to 3815
--->1 7 -220 -29 152 -1 0 0 0 1 0 0 0 -1 3815.dat

File 84    MJJBANK3.LDR
Line 9     1 2 90 -32 220 0 0 1 0 1 0 -1 0 0 970.dat
Moved 10   970.dat: 0 ~Moved to 3815
--->1 2 90 -32 220 0 0 1 0 1 0 -1 0 0 3815.dat

File 85    MJVMAIL.LDR
Line 16    1 1 0 -40 0 1 0 0 0 1 0 0 0 1 970.dat
Moved 11   970.dat: 0 ~Moved to 3815
--->1 1 0 -40 0 1 0 0 0 1 0 0 0 1 3815.dat

File 86    MJVWALK1.LDR
Line 12    1 0 0 -40 0 1 0 0 0 1 0 0 0 1 970.dat
Moved 12   970.dat: 0 ~Moved to 3815
--->1 0 0 -40 0 1 0 0 0 1 0 0 0 1 3815.dat

File 87    MJVWAVE.LDR
Line 12    1 6 0 -12 0 1 0 0 0 1 0 0 0 1 970.dat
Moved 13   970.dat: 0 ~Moved to 3815
--->1 6 0 -12 0 1 0 0 0 1 0 0 0 1 3815.dat

File 88    MJVWOMN3.LDR
Line 14    1 15 0 -40 0 1 0 0 0 1 0 0 0 1 970.dat
Moved 14   970.dat: 0 ~Moved to 3815
--->1 15 0 -40 0 1 0 0 0 1 0 0 0 1 3815.dat

File 89    MJVWOMN4.LDR
Line 12    1 0 0 -40 0 1 0 0 0 1 0 0 0 1 970.dat
Moved 15   970.dat: 0 ~Moved to 3815
--->1 0 0 -40 0 1 0 0 0 1 0 0 0 1 3815.dat

File 90    MJWCFIG.LDR
Line 10     1 4 0 -40 0 1 0 0 0 1 0 0 0 1 970.dat
Moved 16   970.dat: 0 ~Moved to 3815
---> 1 4 0 -40 0 1 0 0 0 1 0 0 0 1 3815.dat

File 91    MJWMFIG.LDR
Line 10     1 4 0 -40 0 1 0 0 0 1 0 0 0 1 970.dat
Moved 17   970.dat: 0 ~Moved to 3815
---> 1 4 0 -40 0 1 0 0 0 1 0 0 0 1 3815.dat

File 92    MJWTFIG.LDR
Line 10     1 4 0 -21 0 1 0 0 0 1 0 0 0 1 970.dat
Moved 18   970.dat: 0 ~Moved to 3815
---> 1 4 0 -21 0 1 0 0 0 1 0 0 0 1 3815.dat

File 93    MJWUFIG.LDR
Line 10     1 1 0 -40 0 1 0 0 0 1 0 0 0 1 970.dat
Moved 19   970.dat: 0 ~Moved to 3815
---> 1 1 0 -40 0 1 0 0 0 1 0 0 0 1 3815.dat

File 94    MLCWOMN2.LDR
Line 12    1 15 0 -40 0 1 0 0 0 1 0 0 0 1 970.dat
Moved 20   970.dat: 0 ~Moved to 3815
--->1 15 0 -40 0 1 0 0 0 1 0 0 0 1 3815.dat

File 95    MLZMAYOR.LDR
Line 15    1 0 0 -40 0 1 0 0 0 1 0 0 0 1 970.dat
Moved 21   970.dat: 0 ~Moved to 3815
--->1 0 0 -40 0 1 0 0 0 1 0 0 0 1 3815.dat

File 96    MLZMCLRK.LDR
Line 10    1 8 0 -12 0 1 0 0 0 1 0 0 0 1 970.dat
Moved 22   970.dat: 0 ~Moved to 3815
--->1 8 0 -12 0 1 0 0 0 1 0 0 0 1 3815.dat

File 97    MRDFIRE1.LDR
Line 9     1 0 0 -21 0 1 0 0 0 1 0 0 0 1 970.dat
Moved 23   970.dat: 0 ~Moved to 3815
--->1 0 0 -21 0 1 0 0 0 1 0 0 0 1 3815.dat

File 98    MTEBELV1.LDR
Line 10    1 258 0 -40 0 1 0 0 0 1 0 0 0 1 970.DAT
Moved 24   970.DAT: 0 ~Moved to 3815
--->1 258 0 -40 0 1 0 0 0 1 0 0 0 1 3815.dat

File 99    MTEPOL1.LDR
Line 9     1 0 0 -40 0 1 0 0 0 1 0 0 0 1 970.dat
Moved 25   970.dat: 0 ~Moved to 3815
--->1 0 0 -40 0 1 0 0 0 1 0 0 0 1 3815.dat

File 100   MTEPROF1.LDR
Line 10    1 6 0 -40 0 1 0 0 0 1 0 0 0 1 970.dat
Moved 26   970.dat: 0 ~Moved to 3815
--->1 6 0 -40 0 1 0 0 0 1 0 0 0 1 3815.dat

File 101   MTETRUK2.LDR
Line 12    1 4 0 -21 0 1 0 0 0 1 0 0 0 1 970.dat
Moved 27   970.dat: 0 ~Moved to 3815
--->1 4 0 -21 0 1 0 0 0 1 0 0 0 1 3815.dat

File 102   MTEWALK1.LDR
Line 10    1 16 0 -40 0 1 0 0 0 1 0 0 0 1 970.dat
Moved 28   970.dat: 0 ~Moved to 3815
--->1 16 0 -40 0 1 0 0 0 1 0 0 0 1 3815.dat

File 103   M__TRUK1.LDR
Line 12    1 1 0 -21 0 1 0 0 0 1 0 0 0 1 970.dat
Moved 29   970.dat: 0 ~Moved to 3815
--->1 1 0 -21 0 1 0 0 0 1 0 0 0 1 3815.dat

File 108   OTBJJM.LDR
Line 180   1 355 0 -120 0 0 0 -1 0 1 0 1 0 0 970.dat
Moved 30   970.dat: 0 ~Moved to 3815
--->1 355 0 -120 0 0 0 -1 0 1 0 1 0 0 3815.dat

File 137   VBSCONV1.LDR
Line 54    1 0 0 -4.54 8.94 1 0 0 0 1 0 0 0 1 970.dat
Moved 31   970.dat: 0 ~Moved to 3815
--->1 0 0 -4.54 8.94 1 0 0 0 1 0 0 0 1 3815.dat

File 143   VJSCAR1.LDR
Line 118   1 0 20 -20.818 12.084 1 0 0 0 0.985 0.174 0 -0.174 0.985 970.dat
Moved 32   970.dat: 0 ~Moved to 3815
--->1 0 20 -20.818 12.084 1 0 0 0 0.985 0.174 0 -0.174 0.985 3815.dat

File 144   VJWCAR1.LDR
Line 37    1 1 0 -13 -10 1 0 0 0 1 0 0 0 1 970.dat
Moved 33   970.dat: 0 ~Moved to 3815
--->1 1 0 -13 -10 1 0 0 0 1 0 0 0 1 3815.dat

File 163   VRVCAR1.LDR
Line 50    1 0 0 -21 -60 1 0 0 0 1 0 0 0 1 970.dat
Moved 34   970.dat: 0 ~Moved to 3815
--->1 0 0 -21 -60 1 0 0 0 1 0 0 0 1 3815.dat

File 171   V__BMW.LDR
Line 59    1 1 10 -45 70 1 0 0 0 1 0 0 0 1 970.dat
Moved 35   970.dat: 0 ~Moved to 3815
--->1 1 10 -45 70 1 0 0 0 1 0 0 0 1 3815.dat


Scanning for MPD files...
File 204   MLZWCLRK.MPD
Line 12    1 0 0 -12 0 1 0 0 0 1 0 0 0 1 970.dat
Moved 36   970.dat: 0 ~Moved to 3815
--->1 0 0 -12 0 1 0 0 0 1 0 0 0 1 3815.dat

File 205   MTEPUSHR.MPD
Line 12    1 1 0 0 0 1 0 0 0 1 0 0 0 1 970.DAT
Moved 37   970.DAT: 0 ~Moved to 3815
--->1 1 0 0 0 1 0 0 0 1 0 0 0 1 3815.dat

File 206   O__CRANE.MPD
Line 351   1 1 30 56 -140 0 0 1 0 1 0 -1 0 0 970.dat
Moved 38   970.dat: 0 ~Moved to 3815
--->1 1 30 56 -140 0 0 1 0 1 0 -1 0 0 3815.dat

 207 files scanned.
 38 references to moved files found in 35 file(s).
 0 references to LDR files found in 0 file(s).
 0 file(s) with incorrect '0 Name:' line found.
 0 file(s) with incorrect '0 Parent:' line found.


MovedTo v 0.04 by Tore Eriksson

Scanning for DAT files...

Scanning for LDR files...
File 9     2536C01.LDR
Line 28     1 2 0 -279.608 -25.968 0.707 0 0.707 -0.278 0.920 0.278 0.650 0.393 -0.650 4032.dat
Moved 1    4032.dat: 0 ~Moved to 4032a
---> 1 2 0 -279.608 -25.968 0.707 0 0.707 -0.278 0.920 0.278 0.650 0.393 -0.650 4032a.dat

File 14    BAIHOUS1.LDR
Line 398   1 8 -50 -56 -550 1 0 0 0 1 0 0 0 1 3062-old.dat
Moved 2    3062-old.dat: 0 ~Moved to u9026
--->1 8 -50 -56 -550 1 0 0 0 1 0 0 0 1 u9026.dat

File 14    BAIHOUS1.LDR
Line 411   1 8 230 -128 -410 1 0 0 0 1 0 0 0 1 3062-old.dat
Moved 3    3062-old.dat: 0 ~Moved to u9026
--->1 8 230 -128 -410 1 0 0 0 1 0 0 0 1 u9026.dat

File 14    BAIHOUS1.LDR
Line 412   1 8 230 -128 -550 1 0 0 0 1 0 0 0 1 3062-old.dat
Moved 4    3062-old.dat: 0 ~Moved to u9026
--->1 8 230 -128 -550 1 0 0 0 1 0 0 0 1 u9026.dat

File 14    BAIHOUS1.LDR
Line 413   1 8 230 -152 -410 1 0 0 0 1 0 0 0 1 3062-old.dat
Moved 5    3062-old.dat: 0 ~Moved to u9026
--->1 8 230 -152 -410 1 0 0 0 1 0 0 0 1 u9026.dat

File 14    BAIHOUS1.LDR
Line 414   1 8 230 -152 -550 1 0 0 0 1 0 0 0 1 3062-old.dat
Moved 6    3062-old.dat: 0 ~Moved to u9026
--->1 8 230 -152 -550 1 0 0 0 1 0 0 0 1 u9026.dat

File 14    BAIHOUS1.LDR
Line 444   1 8 70 -128 -550 1 0 0 0 1 0 0 0 1 3062-old.dat
Moved 7    3062-old.dat: 0 ~Moved to u9026
--->1 8 70 -128 -550 1 0 0 0 1 0 0 0 1 u9026.dat

File 14    BAIHOUS1.LDR
Line 495   1 8 -50 -80 -550 1 0 0 0 1 0 0 0 1 3062-old.dat
Moved 8    3062-old.dat: 0 ~Moved to u9026
--->1 8 -50 -80 -550 1 0 0 0 1 0 0 0 1 u9026.dat

File 14    BAIHOUS1.LDR
Line 512   1 8 70 -152 -550 1 0 0 0 1 0 0 0 1 3062-old.dat
Moved 9    3062-old.dat: 0 ~Moved to u9026
--->1 8 70 -152 -550 1 0 0 0 1 0 0 0 1 u9026.dat

File 15    BAIUNIV.LDR
Line 1103  1 1 -610 -1224 150 1 0 0 0 1 0 0 0 1 3062-old.dat
Moved 10   3062-old.dat: 0 ~Moved to u9026
--->1 1 -610 -1224 150 1 0 0 0 1 0 0 0 1 u9026.dat

File 15    BAIUNIV.LDR
Line 1104  1 1 -610 -1224 130 1 0 0 0 1 0 0 0 1 3062-old.dat
Moved 11   3062-old.dat: 0 ~Moved to u9026
--->1 1 -610 -1224 130 1 0 0 0 1 0 0 0 1 u9026.dat

File 15    BAIUNIV.LDR
Line 1105  1 1 -590 -1224 150 1 0 0 0 1 0 0 0 1 3062-old.dat
Moved 12   3062-old.dat: 0 ~Moved to u9026
--->1 1 -590 -1224 150 1 0 0 0 1 0 0 0 1 u9026.dat

File 15    BAIUNIV.LDR
Line 1106  1 1 -590 -1224 130 1 0 0 0 1 0 0 0 1 3062-old.dat
Moved 13   3062-old.dat: 0 ~Moved to u9026
--->1 1 -590 -1224 130 1 0 0 0 1 0 0 0 1 u9026.dat

File 15    BAIUNIV.LDR
Line 1247  1 1 -270 -864 210 1 0 0 0 1 0 0 0 1 3062-old.dat
Moved 14   3062-old.dat: 0 ~Moved to u9026
--->1 1 -270 -864 210 1 0 0 0 1 0 0 0 1 u9026.dat

File 15    BAIUNIV.LDR
Line 1248  1 1 -270 -864 190 1 0 0 0 1 0 0 0 1 3062-old.dat
Moved 15   3062-old.dat: 0 ~Moved to u9026
--->1 1 -270 -864 190 1 0 0 0 1 0 0 0 1 u9026.dat

File 15    BAIUNIV.LDR
Line 1249  1 1 -250 -864 210 1 0 0 0 1 0 0 0 1 3062-old.dat
Moved 16   3062-old.dat: 0 ~Moved to u9026
--->1 1 -250 -864 210 1 0 0 0 1 0 0 0 1 u9026.dat

File 15    BAIUNIV.LDR
Line 1250  1 1 -250 -864 190 1 0 0 0 1 0 0 0 1 3062-old.dat
Moved 17   3062-old.dat: 0 ~Moved to u9026
--->1 1 -250 -864 190 1 0 0 0 1 0 0 0 1 u9026.dat

File 15    BAIUNIV.LDR
Line 1270  1 1 250 -864 210 1 0 0 0 1 0 0 0 1 3062-old.dat
Moved 18   3062-old.dat: 0 ~Moved to u9026
--->1 1 250 -864 210 1 0 0 0 1 0 0 0 1 u9026.dat

File 15    BAIUNIV.LDR
Line 1271  1 1 250 -864 190 1 0 0 0 1 0 0 0 1 3062-old.dat
Moved 19   3062-old.dat: 0 ~Moved to u9026
--->1 1 250 -864 190 1 0 0 0 1 0 0 0 1 u9026.dat

File 15    BAIUNIV.LDR
Line 1272  1 1 270 -864 210 1 0 0 0 1 0 0 0 1 3062-old.dat
Moved 20   3062-old.dat: 0 ~Moved to u9026
--->1 1 270 -864 210 1 0 0 0 1 0 0 0 1 u9026.dat

File 15    BAIUNIV.LDR
Line 1273  1 1 270 -864 190 1 0 0 0 1 0 0 0 1 3062-old.dat
Moved 21   3062-old.dat: 0 ~Moved to u9026
--->1 1 270 -864 190 1 0 0 0 1 0 0 0 1 u9026.dat

File 15    BAIUNIV.LDR
Line 1743  1 1 590 -1224 150 -1 0 0 0 1 0 0 0 -1 3062-old.dat
Moved 22   3062-old.dat: 0 ~Moved to u9026
--->1 1 590 -1224 150 -1 0 0 0 1 0 0 0 -1 u9026.dat

File 15    BAIUNIV.LDR
Line 1744  1 1 590 -1224 130 -1 0 0 0 1 0 0 0 -1 3062-old.dat
Moved 23   3062-old.dat: 0 ~Moved to u9026
--->1 1 590 -1224 130 -1 0 0 0 1 0 0 0 -1 u9026.dat

File 15    BAIUNIV.LDR
Line 1745  1 1 610 -1224 150 -1 0 0 0 1 0 0 0 -1 3062-old.dat
Moved 24   3062-old.dat: 0 ~Moved to u9026
--->1 1 610 -1224 150 -1 0 0 0 1 0 0 0 -1 u9026.dat

File 15    BAIUNIV.LDR
Line 1746  1 1 610 -1224 130 -1 0 0 0 1 0 0 0 -1 3062-old.dat
Moved 25   3062-old.dat: 0 ~Moved to u9026
--->1 1 610 -1224 130 -1 0 0 0 1 0 0 0 -1 u9026.dat

File 16    BBGWTOWR.LDR
Line 296   1 0 9 -184 -150 -1 0 0 0 1 0 0 0 -1 3747.dat
Moved 26   3747.dat: 0 ~Moved to 3747a
--->1 0 9 -184 -150 -1 0 0 0 1 0 0 0 -1 3747a.dat

File 16    BBGWTOWR.LDR
Line 310   1 0 9 64 -130 -1 0 0 0 1 0 0 0 -1 3747.dat
Moved 27   3747.dat: 0 ~Moved to 3747a
--->1 0 9 64 -130 -1 0 0 0 1 0 0 0 -1 3747a.dat

File 16    BBGWTOWR.LDR
Line 326   1 0 -141 -184 0 0 0 -1 0 1 0 1 0 0 3747.dat
Moved 28   3747.dat: 0 ~Moved to 3747a
--->1 0 -141 -184 0 0 0 -1 0 1 0 1 0 0 3747a.dat

File 16    BBGWTOWR.LDR
Line 340   1 0 -121 64 0 0 0 -1 0 1 0 1 0 0 3747.dat
Moved 29   3747.dat: 0 ~Moved to 3747a
--->1 0 -121 64 0 0 0 -1 0 1 0 1 0 0 3747a.dat

File 16    BBGWTOWR.LDR
Line 356   1 0 9 -184 150 1 0 0 0 1 0 0 0 1 3747.dat
Moved 30   3747.dat: 0 ~Moved to 3747a
--->1 0 9 -184 150 1 0 0 0 1 0 0 0 1 3747a.dat

File 16    BBGWTOWR.LDR
Line 370   1 0 9 64 130 1 0 0 0 1 0 0 0 1 3747.dat
Moved 31   3747.dat: 0 ~Moved to 3747a
--->1 0 9 64 130 1 0 0 0 1 0 0 0 1 3747a.dat

File 16    BBGWTOWR.LDR
Line 386   1 0 159 -184 0 0 0 1 0 1 0 -1 0 0 3747.dat
Moved 32   3747.dat: 0 ~Moved to 3747a
--->1 0 159 -184 0 0 0 1 0 1 0 -1 0 0 3747a.dat

File 16    BBGWTOWR.LDR
Line 400   1 0 139 64 0 0 0 1 0 1 0 -1 0 0 3747.dat
Moved 33   3747.dat: 0 ~Moved to 3747a
--->1 0 139 64 0 0 0 1 0 1 0 -1 0 0 3747a.dat

File 16    BBGWTOWR.LDR
Line 437   1 0 9 131 0 1 0 0 0 1 0 0 0 1 4032.dat
Moved 34   4032.dat: 0 ~Moved to 4032a
--->1 0 9 131 0 1 0 0 0 1 0 0 0 1 4032a.dat

File 16    BBGWTOWR.LDR
Line 439   1 0 9 163 0 1 0 0 0 1 0 0 0 1 4032.dat
Moved 35   4032.dat: 0 ~Moved to 4032a
--->1 0 9 163 0 1 0 0 0 1 0 0 0 1 4032a.dat

File 16    BBGWTOWR.LDR
Line 441   1 0 9 195 0 1 0 0 0 1 0 0 0 1 4032.dat
Moved 36   4032.dat: 0 ~Moved to 4032a
--->1 0 9 195 0 1 0 0 0 1 0 0 0 1 4032a.dat

File 16    BBGWTOWR.LDR
Line 443   1 0 9 227 0 1 0 0 0 1 0 0 0 1 4032.dat
Moved 37   4032.dat: 0 ~Moved to 4032a
--->1 0 9 227 0 1 0 0 0 1 0 0 0 1 4032a.dat

File 16    BBGWTOWR.LDR
Line 445   1 0 9 259 0 1 0 0 0 1 0 0 0 1 4032.dat
Moved 38   4032.dat: 0 ~Moved to 4032a
--->1 0 9 259 0 1 0 0 0 1 0 0 0 1 4032a.dat

File 16    BBGWTOWR.LDR
Line 447   1 0 9 291 0 1 0 0 0 1 0 0 0 1 4032.dat
Moved 39   4032.dat: 0 ~Moved to 4032a
--->1 0 9 291 0 1 0 0 0 1 0 0 0 1 4032a.dat

File 16    BBGWTOWR.LDR
Line 453   1 0 9 2 0 -1 0 0 0 -1 0 0 0 1 4032.dat
Moved 40   4032.dat: 0 ~Moved to 4032a
--->1 0 9 2 0 -1 0 0 0 -1 0 0 0 1 4032a.dat

File 16    BBGWTOWR.LDR
Line 455   1 0 9 -30 0 -1 0 0 0 -1 0 0 0 1 4032.dat
Moved 41   4032.dat: 0 ~Moved to 4032a
--->1 0 9 -30 0 -1 0 0 0 -1 0 0 0 1 4032a.dat

File 16    BBGWTOWR.LDR
Line 457   1 0 9 -62 0 -1 0 0 0 -1 0 0 0 1 4032.dat
Moved 42   4032.dat: 0 ~Moved to 4032a
--->1 0 9 -62 0 -1 0 0 0 -1 0 0 0 1 4032a.dat

File 16    BBGWTOWR.LDR
Line 459   1 0 9 -94 0 -1 0 0 0 -1 0 0 0 1 4032.dat
Moved 43   4032.dat: 0 ~Moved to 4032a
--->1 0 9 -94 0 -1 0 0 0 -1 0 0 0 1 4032a.dat

File 20    BBSBAIT.LDR
Line 37    1 15 109.08 -20.16 30 0 -0.12 -0.99 0 0.99 -0.12 1 0 0 4032.dat
Moved 44   4032.dat: 0 ~Moved to 4032a
--->1 15 109.08 -20.16 30 0 -0.12 -0.99 0 0.99 -0.12 1 0 0 4032a.dat

File 22    BBSHOUS1.LDR
Line 43    1 0 260 -24 -80 1 0 0 0 1 0 0 0 1 4032.dat
Moved 45   4032.dat: 0 ~Moved to 4032a
--->1 0 260 -24 -80 1 0 0 0 1 0 0 0 1 4032a.dat

File 24    BBSTRPLX.LDR
Line 538   1 15 -320 -152 280 1 0 0 0 1 0 0 0 1 4032.dat
Moved 46   4032.dat: 0 ~Moved to 4032a
--->1 15 -320 -152 280 1 0 0 0 1 0 0 0 1 4032a.dat

File 39    BMHMINE.LDR
Line 53     1 1 160 -24 110 -1 0 0 0 1 0 0 0 -1 3747.DAT
Moved 47   3747.DAT: 0 ~Moved to 3747a
---> 1 1 160 -24 110 -1 0 0 0 1 0 0 0 -1 3747a.dat

File 39    BMHMINE.LDR
Line 54     1 1 140 -48 110 -1 0 0 0 1 0 0 0 -1 3747.DAT
Moved 48   3747.DAT: 0 ~Moved to 3747a
---> 1 1 140 -48 110 -1 0 0 0 1 0 0 0 -1 3747a.dat

File 39    BMHMINE.LDR
Line 59     1 1 120 -72 110 -1 0 0 0 1 0 0 0 -1 3747.DAT
Moved 49   3747.DAT: 0 ~Moved to 3747a
---> 1 1 120 -72 110 -1 0 0 0 1 0 0 0 -1 3747a.dat

File 39    BMHMINE.LDR
Line 64     1 1 100 -96 110 -1 0 0 0 1 0 0 0 -1 3747.DAT
Moved 50   3747.DAT: 0 ~Moved to 3747a
---> 1 1 100 -96 110 -1 0 0 0 1 0 0 0 -1 3747a.dat

File 42    BRDFIRE1.LDR
Line 531   1 0 -20 -192 561 1 0 0 0 1 0 0 0 1 4032.dat
Moved 51   4032.dat: 0 ~Moved to 4032a
--->1 0 -20 -192 561 1 0 0 0 1 0 0 0 1 4032a.dat

File 42    BRDFIRE1.LDR
Line 532   1 0 -20 -184 561 1 0 0 0 1 0 0 0 1 4032.dat
Moved 52   4032.dat: 0 ~Moved to 4032a
--->1 0 -20 -184 561 1 0 0 0 1 0 0 0 1 4032a.dat

File 42    BRDFIRE1.LDR
Line 537   1 0 -20 -192 921 1 0 0 0 1 0 0 0 1 4032.dat
Moved 53   4032.dat: 0 ~Moved to 4032a
--->1 0 -20 -192 921 1 0 0 0 1 0 0 0 1 4032a.dat

File 42    BRDFIRE1.LDR
Line 538   1 0 -20 -184 921 1 0 0 0 1 0 0 0 1 4032.dat
Moved 54   4032.dat: 0 ~Moved to 4032a
--->1 0 -20 -184 921 1 0 0 0 1 0 0 0 1 4032a.dat

File 104   O__LAMP1.LDR
Line 19    1 47 -100 -224 0 1 0 0 0 1 0 0 0 1 4032.dat
Moved 55   4032.dat: 0 ~Moved to 4032a
--->1 47 -100 -224 0 1 0 0 0 1 0 0 0 1 4032a.dat

File 134   VDHSCRP.LDR
Line 17    1 0 20 0 -50 1 0 0 0 1 0 0 0 1 3747.dat
Moved 56   3747.dat: 0 ~Moved to 3747a
--->1 0 20 0 -50 1 0 0 0 1 0 0 0 1 3747a.dat

File 134   VDHSCRP.LDR
Line 18    1 0 -20 0 -50 1 0 0 0 1 0 0 0 1 3747.dat
Moved 57   3747.dat: 0 ~Moved to 3747a
--->1 0 -20 0 -50 1 0 0 0 1 0 0 0 1 3747a.dat

File 135   VFGDOZER.LDR
Line 13    1 14 0 -40 30 -1 0 0 0 1 0 0 0 -1 3747.dat
Moved 58   3747.dat: 0 ~Moved to 3747a
--->1 14 0 -40 30 -1 0 0 0 1 0 0 0 -1 3747a.dat

File 168   _BADHOU2.LDR
Line 167   1 4 80 -64 120 1 0 0 0 1 0 0 0 1 4032.dat
Moved 59   4032.dat: 0 ~Moved to 4032a
--->1 4 80 -64 120 1 0 0 0 1 0 0 0 1 4032a.dat

File 168   _BADHOU2.LDR
Line 168   1 4 -80 -64 120 1 0 0 0 1 0 0 0 1 4032.dat
Moved 60   4032.dat: 0 ~Moved to 4032a
--->1 4 -80 -64 120 1 0 0 0 1 0 0 0 1 4032a.dat

File 170   _BBSAPT2.LDR
Line 226   1 15 -70 0 130 0 0 -1 0 1 0 1 0 0 4032.dat
Moved 61   4032.dat: 0 ~Moved to 4032a
--->1 15 -70 0 130 0 0 -1 0 1 0 1 0 0 4032a.dat

File 171   _BBSAPT3.LDR
Line 86    1 15 -260 0 80 0 0 -1 0 1 0 1 0 0 4032.dat
Moved 62   4032.dat: 0 ~Moved to 4032a
--->1 15 -260 0 80 0 0 -1 0 1 0 1 0 0 4032a.dat

File 172   _BJPHOU1.LDR
Line 358   1 6 40 28 -133 1 0 0 0 0 -1 0 1 0 4032.dat
Moved 63   4032.dat: 0 ~Moved to 4032a
--->1 6 40 28 -133 1 0 0 0 0 -1 0 1 0 4032a.dat

File 181   _BMHCRR2.LDR
Line 339   1 15 -370 -296 -160 0 0 1 0 1 0 -1 0 0 3747.DAT
Moved 64   3747.DAT: 0 ~Moved to 3747a
--->1 15 -370 -296 -160 0 0 1 0 1 0 -1 0 0 3747a.dat

File 181   _BMHCRR2.LDR
Line 371   1 7 130 -320 220 0 0 -1 0 1 0 1 0 0 3747.DAT
Moved 65   3747.DAT: 0 ~Moved to 3747a
--->1 7 130 -320 220 0 0 -1 0 1 0 1 0 0 3747a.dat

File 189   _VJWTNK1.LDR
Line 71     1 4 0 -128 70 1 0 0 0 1 0 0 0 1 4032.DAT
Moved 66   4032.DAT: 0 ~Moved to 4032a
---> 1 4 0 -128 70 1 0 0 0 1 0 0 0 1 4032a.dat

File 189   _VJWTNK1.LDR
Line 72     1 4 0 -128 170 1 0 0 0 1 0 0 0 1 4032.DAT
Moved 67   4032.DAT: 0 ~Moved to 4032a
---> 1 4 0 -128 170 1 0 0 0 1 0 0 0 1 4032a.dat

File 189   _VJWTNK1.LDR
Line 73     1 4 0 -128 270 1 0 0 0 1 0 0 0 1 4032.DAT
Moved 68   4032.DAT: 0 ~Moved to 4032a
---> 1 4 0 -128 270 1 0 0 0 1 0 0 0 1 4032a.dat


Scanning for MPD files...
File 201   RTGDB425.MPD
Line 381   1 7 0 8 -80 0 0 1 0 1 0 -1 0 0 4032.dat
Moved 69   4032.dat: 0 ~Moved to 4032a
--->1 7 0 8 -80 0 0 1 0 1 0 -1 0 0 4032a.dat

File 201   RTGDB425.MPD
Line 383   1 7 0 8 80 0 0 1 0 1 0 -1 0 0 4032.dat
Moved 70   4032.dat: 0 ~Moved to 4032a
--->1 7 0 8 80 0 0 1 0 1 0 -1 0 0 4032a.dat

File 201   RTGDB425.MPD
Line 421   1 7 0 8 80 0 0 1 0 1 0 -1 0 0 4032.dat
Moved 71   4032.dat: 0 ~Moved to 4032a
--->1 7 0 8 80 0 0 1 0 1 0 -1 0 0 4032a.dat

File 201   RTGDB425.MPD
Line 422   1 7 0 8 -80 0 0 1 0 1 0 -1 0 0 4032.dat
Moved 72   4032.dat: 0 ~Moved to 4032a
--->1 7 0 8 -80 0 0 1 0 1 0 -1 0 0 4032a.dat

 201 files scanned.
 72 references to moved files found in 19 file(s).
 0 references to LDR files found in 0 file(s).
 0 file(s) with incorrect '0 Name:' line found.
 0 file(s) with incorrect '0 Parent:' line found.